<?xml version="1.0" encoding="UTF-8"?>
<testsuite name="com.terahorse.fobit.rules.CardsRuleSpec" tests="27" skipped="0" failures="20" errors="0" timestamp="2020-01-05T19:15:50" hostname="g5" time="0.191">
  <properties/>
  <testcase name="currentRound: test to get max value" classname="com.terahorse.fobit.rules.CardsRuleSpec" time="0.094"/>
  <testcase name="currentRound: after max value" classname="com.terahorse.fobit.rules.CardsRuleSpec" time="0.002"/>
  <testcase name="maxLife: min value" classname="com.terahorse.fobit.rules.CardsRuleSpec" time="0.002"/>
  <testcase name="maxLife: max value" classname="com.terahorse.fobit.rules.CardsRuleSpec" time="0.001"/>
  <testcase name="speed: test with value 1" classname="com.terahorse.fobit.rules.CardsRuleSpec" time="0.001"/>
  <testcase name="speed: test with max value" classname="com.terahorse.fobit.rules.CardsRuleSpec" time="0.002"/>
  <testcase name="speed: test with max value + 10" classname="com.terahorse.fobit.rules.CardsRuleSpec" time="0.002"/>
  <testcase name="card #01" classname="com.terahorse.fobit.rules.CardsRuleSpec" time="0.012">
    <failure message="Condition not satisfied:&#10;&#10;player.strength == strength&#10;|      |        |  |&#10;|      10       |  2&#10;|               false&#10;com.terahorse.fobit.model.Player@44a63148&#10;" type="org.spockframework.runtime.SpockComparisonFailure">Condition not satisfied:

player.strength == strength
|      |        |  |
|      10       |  2
|               false
com.terahorse.fobit.model.Player@44a63148

	at com.terahorse.fobit.rules.CardsRuleSpec.checkPlayer(CardsRuleSpec.groovy:271)
	at com.terahorse.fobit.rules.CardsRuleSpec.card #01(CardsRuleSpec.groovy:95)
</failure>
  </testcase>
  <testcase name="card #02" classname="com.terahorse.fobit.rules.CardsRuleSpec" time="0.005">
    <failure message="Condition not satisfied:&#10;&#10;player.strength == strength&#10;|      |        |  |&#10;|      10       |  2&#10;|               false&#10;com.terahorse.fobit.model.Player@6417949a&#10;" type="org.spockframework.runtime.SpockComparisonFailure">Condition not satisfied:

player.strength == strength
|      |        |  |
|      10       |  2
|               false
com.terahorse.fobit.model.Player@6417949a

	at com.terahorse.fobit.rules.CardsRuleSpec.checkPlayer(CardsRuleSpec.groovy:271)
	at com.terahorse.fobit.rules.CardsRuleSpec.userWithoutResource(CardsRuleSpec.groovy:244)
	at com.terahorse.fobit.rules.CardsRuleSpec.testResourceCard(CardsRuleSpec.groovy:196)
	at com.terahorse.fobit.rules.CardsRuleSpec.card #02(CardsRuleSpec.groovy:100)
</failure>
  </testcase>
  <testcase name="card #03" classname="com.terahorse.fobit.rules.CardsRuleSpec" time="0.004">
    <failure message="Condition not satisfied:&#10;&#10;player.strength == strength&#10;|      |        |  |&#10;|      10       |  2&#10;|               false&#10;com.terahorse.fobit.model.Player@7567475c&#10;" type="org.spockframework.runtime.SpockComparisonFailure">Condition not satisfied:

player.strength == strength
|      |        |  |
|      10       |  2
|               false
com.terahorse.fobit.model.Player@7567475c

	at com.terahorse.fobit.rules.CardsRuleSpec.checkPlayer(CardsRuleSpec.groovy:271)
	at com.terahorse.fobit.rules.CardsRuleSpec.userWithoutResource(CardsRuleSpec.groovy:244)
	at com.terahorse.fobit.rules.CardsRuleSpec.testResourceCard(CardsRuleSpec.groovy:196)
	at com.terahorse.fobit.rules.CardsRuleSpec.card #03(CardsRuleSpec.groovy:105)
</failure>
  </testcase>
  <testcase name="card #04" classname="com.terahorse.fobit.rules.CardsRuleSpec" time="0.004">
    <failure message="Condition not satisfied:&#10;&#10;player.strength == strength&#10;|      |        |  |&#10;|      10       |  2&#10;|               false&#10;com.terahorse.fobit.model.Player@195bd6bd&#10;" type="org.spockframework.runtime.SpockComparisonFailure">Condition not satisfied:

player.strength == strength
|      |        |  |
|      10       |  2
|               false
com.terahorse.fobit.model.Player@195bd6bd

	at com.terahorse.fobit.rules.CardsRuleSpec.checkPlayer(CardsRuleSpec.groovy:271)
	at com.terahorse.fobit.rules.CardsRuleSpec.userWithoutResource(CardsRuleSpec.groovy:244)
	at com.terahorse.fobit.rules.CardsRuleSpec.testResourceCard(CardsRuleSpec.groovy:196)
	at com.terahorse.fobit.rules.CardsRuleSpec.card #04(CardsRuleSpec.groovy:110)
</failure>
  </testcase>
  <testcase name="card #05" classname="com.terahorse.fobit.rules.CardsRuleSpec" time="0.004">
    <failure message="Condition not satisfied:&#10;&#10;player.strength == strength&#10;|      |        |  |&#10;|      10       |  2&#10;|               false&#10;com.terahorse.fobit.model.Player@29ccce5f&#10;" type="org.spockframework.runtime.SpockComparisonFailure">Condition not satisfied:

player.strength == strength
|      |        |  |
|      10       |  2
|               false
com.terahorse.fobit.model.Player@29ccce5f

	at com.terahorse.fobit.rules.CardsRuleSpec.checkPlayer(CardsRuleSpec.groovy:271)
	at com.terahorse.fobit.rules.CardsRuleSpec.userWithoutArmor(CardsRuleSpec.groovy:260)
	at com.terahorse.fobit.rules.CardsRuleSpec.testArmorCard(CardsRuleSpec.groovy:206)
	at com.terahorse.fobit.rules.CardsRuleSpec.card #05(CardsRuleSpec.groovy:115)
</failure>
  </testcase>
  <testcase name="card #07" classname="com.terahorse.fobit.rules.CardsRuleSpec" time="0.004">
    <failure message="Condition not satisfied:&#10;&#10;player.strength == strength&#10;|      |        |  |&#10;|      10       |  2&#10;|               false&#10;com.terahorse.fobit.model.Player@274c1eaf&#10;" type="org.spockframework.runtime.SpockComparisonFailure">Condition not satisfied:

player.strength == strength
|      |        |  |
|      10       |  2
|               false
com.terahorse.fobit.model.Player@274c1eaf

	at com.terahorse.fobit.rules.CardsRuleSpec.checkPlayer(CardsRuleSpec.groovy:271)
	at com.terahorse.fobit.rules.CardsRuleSpec.userWithoutArmor(CardsRuleSpec.groovy:260)
	at com.terahorse.fobit.rules.CardsRuleSpec.testArmorCard(CardsRuleSpec.groovy:206)
	at com.terahorse.fobit.rules.CardsRuleSpec.card #07(CardsRuleSpec.groovy:120)
</failure>
  </testcase>
  <testcase name="card #09" classname="com.terahorse.fobit.rules.CardsRuleSpec" time="0.003">
    <failure message="Condition not satisfied:&#10;&#10;player.strength == strength&#10;|      |        |  |&#10;|      10       |  2&#10;|               false&#10;com.terahorse.fobit.model.Player@3c5b7385&#10;" type="org.spockframework.runtime.SpockComparisonFailure">Condition not satisfied:

player.strength == strength
|      |        |  |
|      10       |  2
|               false
com.terahorse.fobit.model.Player@3c5b7385

	at com.terahorse.fobit.rules.CardsRuleSpec.checkPlayer(CardsRuleSpec.groovy:271)
	at com.terahorse.fobit.rules.CardsRuleSpec.userWithoutWeapon(CardsRuleSpec.groovy:252)
	at com.terahorse.fobit.rules.CardsRuleSpec.testWeaponCard(CardsRuleSpec.groovy:216)
	at com.terahorse.fobit.rules.CardsRuleSpec.card #09(CardsRuleSpec.groovy:125)
</failure>
  </testcase>
  <testcase name="card #10" classname="com.terahorse.fobit.rules.CardsRuleSpec" time="0.003">
    <failure message="Condition not satisfied:&#10;&#10;player.strength == strength&#10;|      |        |  |&#10;|      10       |  2&#10;|               false&#10;com.terahorse.fobit.model.Player@43f39335&#10;" type="org.spockframework.runtime.SpockComparisonFailure">Condition not satisfied:

player.strength == strength
|      |        |  |
|      10       |  2
|               false
com.terahorse.fobit.model.Player@43f39335

	at com.terahorse.fobit.rules.CardsRuleSpec.checkPlayer(CardsRuleSpec.groovy:271)
	at com.terahorse.fobit.rules.CardsRuleSpec.userWithoutWeapon(CardsRuleSpec.groovy:252)
	at com.terahorse.fobit.rules.CardsRuleSpec.testWeaponCard(CardsRuleSpec.groovy:216)
	at com.terahorse.fobit.rules.CardsRuleSpec.card #10(CardsRuleSpec.groovy:130)
</failure>
  </testcase>
  <testcase name="card #12" classname="com.terahorse.fobit.rules.CardsRuleSpec" time="0.004">
    <failure message="Condition not satisfied:&#10;&#10;player.strength == strength&#10;|      |        |  |&#10;|      10       |  2&#10;|               false&#10;com.terahorse.fobit.model.Player@2245d9f2&#10;" type="org.spockframework.runtime.SpockComparisonFailure">Condition not satisfied:

player.strength == strength
|      |        |  |
|      10       |  2
|               false
com.terahorse.fobit.model.Player@2245d9f2

	at com.terahorse.fobit.rules.CardsRuleSpec.checkPlayer(CardsRuleSpec.groovy:271)
	at com.terahorse.fobit.rules.CardsRuleSpec.userWithoutArmor(CardsRuleSpec.groovy:260)
	at com.terahorse.fobit.rules.CardsRuleSpec.testArmorCard(CardsRuleSpec.groovy:206)
	at com.terahorse.fobit.rules.CardsRuleSpec.card #12(CardsRuleSpec.groovy:135)
</failure>
  </testcase>
  <testcase name="card #13" classname="com.terahorse.fobit.rules.CardsRuleSpec" time="0.003">
    <failure message="Condition not satisfied:&#10;&#10;player.strength == strength&#10;|      |        |  |&#10;|      10       |  2&#10;|               false&#10;com.terahorse.fobit.model.Player@4cccd50f&#10;" type="org.spockframework.runtime.SpockComparisonFailure">Condition not satisfied:

player.strength == strength
|      |        |  |
|      10       |  2
|               false
com.terahorse.fobit.model.Player@4cccd50f

	at com.terahorse.fobit.rules.CardsRuleSpec.checkPlayer(CardsRuleSpec.groovy:271)
	at com.terahorse.fobit.rules.CardsRuleSpec.userWithoutArmor(CardsRuleSpec.groovy:260)
	at com.terahorse.fobit.rules.CardsRuleSpec.testArmorCard(CardsRuleSpec.groovy:206)
	at com.terahorse.fobit.rules.CardsRuleSpec.card #13(CardsRuleSpec.groovy:140)
</failure>
  </testcase>
  <testcase name="card #15" classname="com.terahorse.fobit.rules.CardsRuleSpec" time="0.003">
    <failure message="Condition not satisfied:&#10;&#10;player.strength == strength&#10;|      |        |  |&#10;|      10       |  2&#10;|               false&#10;com.terahorse.fobit.model.Player@18f6ce33&#10;" type="org.spockframework.runtime.SpockComparisonFailure">Condition not satisfied:

player.strength == strength
|      |        |  |
|      10       |  2
|               false
com.terahorse.fobit.model.Player@18f6ce33

	at com.terahorse.fobit.rules.CardsRuleSpec.checkPlayer(CardsRuleSpec.groovy:271)
	at com.terahorse.fobit.rules.CardsRuleSpec.userWithoutArmor(CardsRuleSpec.groovy:260)
	at com.terahorse.fobit.rules.CardsRuleSpec.testArmorCard(CardsRuleSpec.groovy:206)
	at com.terahorse.fobit.rules.CardsRuleSpec.card #15(CardsRuleSpec.groovy:145)
</failure>
  </testcase>
  <testcase name="card #16" classname="com.terahorse.fobit.rules.CardsRuleSpec" time="0.003">
    <failure message="Condition not satisfied:&#10;&#10;player.strength == strength&#10;|      |        |  |&#10;|      10       |  2&#10;|               false&#10;com.terahorse.fobit.model.Player@110dd367&#10;" type="org.spockframework.runtime.SpockComparisonFailure">Condition not satisfied:

player.strength == strength
|      |        |  |
|      10       |  2
|               false
com.terahorse.fobit.model.Player@110dd367

	at com.terahorse.fobit.rules.CardsRuleSpec.checkPlayer(CardsRuleSpec.groovy:271)
	at com.terahorse.fobit.rules.CardsRuleSpec.userWithoutArmor(CardsRuleSpec.groovy:260)
	at com.terahorse.fobit.rules.CardsRuleSpec.testArmorCard(CardsRuleSpec.groovy:206)
	at com.terahorse.fobit.rules.CardsRuleSpec.card #16(CardsRuleSpec.groovy:150)
</failure>
  </testcase>
  <testcase name="card #17" classname="com.terahorse.fobit.rules.CardsRuleSpec" time="0.004">
    <failure message="Condition not satisfied:&#10;&#10;player.strength == strength&#10;|      |        |  |&#10;|      10       |  2&#10;|               false&#10;com.terahorse.fobit.model.Player@77348f27&#10;" type="org.spockframework.runtime.SpockComparisonFailure">Condition not satisfied:

player.strength == strength
|      |        |  |
|      10       |  2
|               false
com.terahorse.fobit.model.Player@77348f27

	at com.terahorse.fobit.rules.CardsRuleSpec.checkPlayer(CardsRuleSpec.groovy:271)
	at com.terahorse.fobit.rules.CardsRuleSpec.userWithoutArmor(CardsRuleSpec.groovy:260)
	at com.terahorse.fobit.rules.CardsRuleSpec.testArmorCard(CardsRuleSpec.groovy:206)
	at com.terahorse.fobit.rules.CardsRuleSpec.card #17(CardsRuleSpec.groovy:155)
</failure>
  </testcase>
  <testcase name="card #18" classname="com.terahorse.fobit.rules.CardsRuleSpec" time="0.004">
    <failure message="Condition not satisfied:&#10;&#10;player.strength == strength&#10;|      |        |  |&#10;|      10       |  2&#10;|               false&#10;com.terahorse.fobit.model.Player@616a60e2&#10;" type="org.spockframework.runtime.SpockComparisonFailure">Condition not satisfied:

player.strength == strength
|      |        |  |
|      10       |  2
|               false
com.terahorse.fobit.model.Player@616a60e2

	at com.terahorse.fobit.rules.CardsRuleSpec.checkPlayer(CardsRuleSpec.groovy:271)
	at com.terahorse.fobit.rules.CardsRuleSpec.userWithoutArmor(CardsRuleSpec.groovy:260)
	at com.terahorse.fobit.rules.CardsRuleSpec.testArmorCard(CardsRuleSpec.groovy:206)
	at com.terahorse.fobit.rules.CardsRuleSpec.card #18(CardsRuleSpec.groovy:160)
</failure>
  </testcase>
  <testcase name="card #24" classname="com.terahorse.fobit.rules.CardsRuleSpec" time="0.004">
    <failure message="Condition not satisfied:&#10;&#10;player.strength == strength&#10;|      |        |  |&#10;|      10       |  2&#10;|               false&#10;com.terahorse.fobit.model.Player@5cf86f07&#10;" type="org.spockframework.runtime.SpockComparisonFailure">Condition not satisfied:

player.strength == strength
|      |        |  |
|      10       |  2
|               false
com.terahorse.fobit.model.Player@5cf86f07

	at com.terahorse.fobit.rules.CardsRuleSpec.checkPlayer(CardsRuleSpec.groovy:271)
	at com.terahorse.fobit.rules.CardsRuleSpec.userWithoutArmor(CardsRuleSpec.groovy:260)
	at com.terahorse.fobit.rules.CardsRuleSpec.testArmorCard(CardsRuleSpec.groovy:206)
	at com.terahorse.fobit.rules.CardsRuleSpec.card #24(CardsRuleSpec.groovy:165)
</failure>
  </testcase>
  <testcase name="card #25" classname="com.terahorse.fobit.rules.CardsRuleSpec" time="0.003">
    <failure message="Condition not satisfied:&#10;&#10;player.strength == strength&#10;|      |        |  |&#10;|      10       |  2&#10;|               false&#10;com.terahorse.fobit.model.Player@598b5695&#10;" type="org.spockframework.runtime.SpockComparisonFailure">Condition not satisfied:

player.strength == strength
|      |        |  |
|      10       |  2
|               false
com.terahorse.fobit.model.Player@598b5695

	at com.terahorse.fobit.rules.CardsRuleSpec.checkPlayer(CardsRuleSpec.groovy:271)
	at com.terahorse.fobit.rules.CardsRuleSpec.userWithoutWeapon(CardsRuleSpec.groovy:252)
	at com.terahorse.fobit.rules.CardsRuleSpec.testWeaponCard(CardsRuleSpec.groovy:216)
	at com.terahorse.fobit.rules.CardsRuleSpec.card #25(CardsRuleSpec.groovy:170)
</failure>
  </testcase>
  <testcase name="card #26" classname="com.terahorse.fobit.rules.CardsRuleSpec" time="0.004">
    <failure message="Condition not satisfied:&#10;&#10;player.strength == strength&#10;|      |        |  |&#10;|      10       |  2&#10;|               false&#10;com.terahorse.fobit.model.Player@77c540ec&#10;" type="org.spockframework.runtime.SpockComparisonFailure">Condition not satisfied:

player.strength == strength
|      |        |  |
|      10       |  2
|               false
com.terahorse.fobit.model.Player@77c540ec

	at com.terahorse.fobit.rules.CardsRuleSpec.checkPlayer(CardsRuleSpec.groovy:271)
	at com.terahorse.fobit.rules.CardsRuleSpec.userWithoutWeapon(CardsRuleSpec.groovy:252)
	at com.terahorse.fobit.rules.CardsRuleSpec.testWeaponCard(CardsRuleSpec.groovy:216)
	at com.terahorse.fobit.rules.CardsRuleSpec.card #26(CardsRuleSpec.groovy:175)
</failure>
  </testcase>
  <testcase name="card #27" classname="com.terahorse.fobit.rules.CardsRuleSpec" time="0.004">
    <failure message="Condition not satisfied:&#10;&#10;player.strength == strength&#10;|      |        |  |&#10;|      10       |  2&#10;|               false&#10;com.terahorse.fobit.model.Player@47b3647e&#10;" type="org.spockframework.runtime.SpockComparisonFailure">Condition not satisfied:

player.strength == strength
|      |        |  |
|      10       |  2
|               false
com.terahorse.fobit.model.Player@47b3647e

	at com.terahorse.fobit.rules.CardsRuleSpec.checkPlayer(CardsRuleSpec.groovy:271)
	at com.terahorse.fobit.rules.CardsRuleSpec.userWithoutArmor(CardsRuleSpec.groovy:260)
	at com.terahorse.fobit.rules.CardsRuleSpec.testArmorCard(CardsRuleSpec.groovy:206)
	at com.terahorse.fobit.rules.CardsRuleSpec.card #27(CardsRuleSpec.groovy:180)
</failure>
  </testcase>
  <testcase name="card #28" classname="com.terahorse.fobit.rules.CardsRuleSpec" time="0.003">
    <failure message="Condition not satisfied:&#10;&#10;player.strength == strength&#10;|      |        |  |&#10;|      10       |  2&#10;|               false&#10;com.terahorse.fobit.model.Player@5ac6309a&#10;" type="org.spockframework.runtime.SpockComparisonFailure">Condition not satisfied:

player.strength == strength
|      |        |  |
|      10       |  2
|               false
com.terahorse.fobit.model.Player@5ac6309a

	at com.terahorse.fobit.rules.CardsRuleSpec.checkPlayer(CardsRuleSpec.groovy:271)
	at com.terahorse.fobit.rules.CardsRuleSpec.userWithoutWeapon(CardsRuleSpec.groovy:252)
	at com.terahorse.fobit.rules.CardsRuleSpec.testWeaponCard(CardsRuleSpec.groovy:216)
	at com.terahorse.fobit.rules.CardsRuleSpec.card #28(CardsRuleSpec.groovy:185)
</failure>
  </testcase>
  <testcase name="card #29" classname="com.terahorse.fobit.rules.CardsRuleSpec" time="0.004">
    <failure message="Condition not satisfied:&#10;&#10;player.strength == strength&#10;|      |        |  |&#10;|      10       |  2&#10;|               false&#10;com.terahorse.fobit.model.Player@5d136369&#10;" type="org.spockframework.runtime.SpockComparisonFailure">Condition not satisfied:

player.strength == strength
|      |        |  |
|      10       |  2
|               false
com.terahorse.fobit.model.Player@5d136369

	at com.terahorse.fobit.rules.CardsRuleSpec.checkPlayer(CardsRuleSpec.groovy:271)
	at com.terahorse.fobit.rules.CardsRuleSpec.userWithoutArmor(CardsRuleSpec.groovy:260)
	at com.terahorse.fobit.rules.CardsRuleSpec.testArmorCard(CardsRuleSpec.groovy:206)
	at com.terahorse.fobit.rules.CardsRuleSpec.card #29(CardsRuleSpec.groovy:190)
</failure>
  </testcase>
  <system-out><![CDATA[[16:15:50 - INFO ] ┃ ⬥ RHS fired: currentRound: increase round 
[16:15:50 - INFO ] ┃ ⬒ AGENDA FINISHED: SETUP
[16:15:50 - INFO ] ┃ ⬒ AGENDA FINISHED: CARDS
[16:15:50 - INFO ] ┃ ⬒ AGENDA FINISHED: BATTLE
[16:15:50 - INFO ] ┃ ⬥ RHS fired: currentRound: increase round 
[16:15:50 - INFO ] ┃ ⬒ AGENDA FINISHED: SETUP
[16:15:50 - INFO ] ┃ ⬒ AGENDA FINISHED: CARDS
[16:15:50 - INFO ] ┃ ⬒ AGENDA FINISHED: BATTLE
[16:15:50 - INFO ] ┃ ⬥ RHS fired: currentRound: increase round 
[16:15:50 - INFO ] ┃ ⬒ AGENDA FINISHED: SETUP
[16:15:50 - INFO ] ┃ ⬒ AGENDA FINISHED: CARDS
[16:15:50 - INFO ] ┃ ⬒ AGENDA FINISHED: BATTLE
[16:15:50 - INFO ] ┃ ⬥ RHS fired: currentRound: increase round 
[16:15:50 - INFO ] ┃ ⬒ AGENDA FINISHED: SETUP
[16:15:50 - INFO ] ┃ ⬒ AGENDA FINISHED: CARDS
[16:15:50 - INFO ] ┃ ⬒ AGENDA FINISHED: BATTLE
[16:15:50 - INFO ] ┃ ⬥ RHS fired: currentRound: increase round 
[16:15:50 - INFO ] ┃ ⬒ AGENDA FINISHED: SETUP
[16:15:50 - INFO ] ┃ ⬒ AGENDA FINISHED: CARDS
[16:15:50 - INFO ] ┃ ⬒ AGENDA FINISHED: BATTLE
[16:15:50 - INFO ] ┃ ⬥ RHS fired: currentRound: increase round 
[16:15:50 - INFO ] ┃ ⬒ AGENDA FINISHED: SETUP
[16:15:50 - INFO ] ┃ ⬒ AGENDA FINISHED: CARDS
[16:15:50 - INFO ] ┃ ⬒ AGENDA FINISHED: BATTLE
[16:15:50 - INFO ] ┃ ⬥ RHS fired: currentRound: increase round 
[16:15:50 - INFO ] ┃ ⬒ AGENDA FINISHED: SETUP
[16:15:50 - INFO ] ┃ ⬒ AGENDA FINISHED: CARDS
[16:15:50 - INFO ] ┃ ⬒ AGENDA FINISHED: BATTLE
[16:15:50 - INFO ] ┃ ⬥ RHS fired: currentRound: increase round 
[16:15:50 - INFO ] ┃ ⬒ AGENDA FINISHED: SETUP
[16:15:50 - INFO ] ┃ ⬒ AGENDA FINISHED: CARDS
[16:15:50 - INFO ] ┃ ⬒ AGENDA FINISHED: BATTLE
[16:15:50 - INFO ] ┃ ⬥ RHS fired: currentRound: increase round 
[16:15:50 - INFO ] ┃ ⬒ AGENDA FINISHED: SETUP
[16:15:50 - INFO ] ┃ ⬒ AGENDA FINISHED: CARDS
[16:15:50 - INFO ] ┃ ⬒ AGENDA FINISHED: BATTLE
[16:15:50 - INFO ] ┃ ⬥ RHS fired: currentRound: increase round 
[16:15:50 - INFO ] ┃ ⬒ AGENDA FINISHED: SETUP
[16:15:50 - INFO ] ┃ ⬒ AGENDA FINISHED: CARDS
[16:15:50 - INFO ] ┃ ⬒ AGENDA FINISHED: BATTLE
[16:15:50 - INFO ] ┃ ⬥ RHS fired: currentRound: increase round 
[16:15:50 - INFO ] ┃ ⬒ AGENDA FINISHED: SETUP
[16:15:50 - INFO ] ┃ ⬒ AGENDA FINISHED: CARDS
[16:15:50 - INFO ] ┃ ⬒ AGENDA FINISHED: BATTLE
[16:15:50 - INFO ] ┃ ⬥ RHS fired: currentRound: increase round 
[16:15:50 - INFO ] ┃ ⬒ AGENDA FINISHED: SETUP
[16:15:50 - INFO ] ┃ ⬒ AGENDA FINISHED: CARDS
[16:15:50 - INFO ] ┃ ⬒ AGENDA FINISHED: BATTLE
[16:15:50 - INFO ] ┃ ⬥ RHS fired: currentRound: increase round 
[16:15:50 - INFO ] ┃ ⬒ AGENDA FINISHED: SETUP
[16:15:50 - INFO ] ┃ ⬒ AGENDA FINISHED: CARDS
[16:15:50 - INFO ] ┃ ⬒ AGENDA FINISHED: BATTLE
[16:15:50 - INFO ] ┃ ⬥ RHS fired: currentRound: increase round 
[16:15:50 - INFO ] ┃ ⬒ AGENDA FINISHED: SETUP
[16:15:50 - INFO ] ┃ ⬒ AGENDA FINISHED: CARDS
[16:15:50 - INFO ] ┃ ⬒ AGENDA FINISHED: BATTLE
[16:15:50 - INFO ] ┃ ⬥ RHS fired: currentRound: increase round 
[16:15:50 - INFO ] ┃ ⬒ AGENDA FINISHED: SETUP
[16:15:50 - INFO ] ┃ ⬒ AGENDA FINISHED: CARDS
[16:15:50 - INFO ] ┃ ⬒ AGENDA FINISHED: BATTLE
[16:15:50 - INFO ] ┃ ⬥ RHS fired: currentRound: increase round 
[16:15:50 - INFO ] ┃ ⬒ AGENDA FINISHED: SETUP
[16:15:50 - INFO ] ┃ ⬒ AGENDA FINISHED: CARDS
[16:15:50 - INFO ] ┃ ⬒ AGENDA FINISHED: BATTLE
[16:15:50 - INFO ] ┃ ⬥ RHS fired: currentRound: increase round 
[16:15:50 - INFO ] ┃ ⬒ AGENDA FINISHED: SETUP
[16:15:50 - INFO ] ┃ ⬒ AGENDA FINISHED: CARDS
[16:15:50 - INFO ] ┃ ⬒ AGENDA FINISHED: BATTLE
[16:15:50 - INFO ] ┃ ⬥ RHS fired: currentRound: increase round 
[16:15:50 - INFO ] ┃ ⬒ AGENDA FINISHED: SETUP
[16:15:50 - INFO ] ┃ ⬒ AGENDA FINISHED: CARDS
[16:15:50 - INFO ] ┃ ⬒ AGENDA FINISHED: BATTLE
[16:15:50 - INFO ] ┃ ⬥ RHS fired: currentRound: increase round 
[16:15:50 - INFO ] ┃ ⬒ AGENDA FINISHED: SETUP
[16:15:50 - INFO ] ┃ ⬒ AGENDA FINISHED: CARDS
[16:15:50 - INFO ] ┃ ⬒ AGENDA FINISHED: BATTLE
[16:15:50 - INFO ] ┃ ⬥ RHS fired: currentRound: increase round 
[16:15:50 - INFO ] ┃ ⬒ AGENDA FINISHED: SETUP
[16:15:50 - INFO ] ┃ ⬒ AGENDA FINISHED: CARDS
[16:15:50 - INFO ] ┃ ⬒ AGENDA FINISHED: BATTLE
[16:15:50 - INFO ] ┃ ⬥ RHS fired: currentRound: increase round 
[16:15:50 - INFO ] ┃ ⬒ AGENDA FINISHED: SETUP
[16:15:50 - INFO ] ┃ ⬒ AGENDA FINISHED: CARDS
[16:15:50 - INFO ] ┃ ⬒ AGENDA FINISHED: BATTLE
[16:15:50 - INFO ] ┃ ⬥ RHS fired: currentRound: increase round 
[16:15:50 - INFO ] ┃ ⬒ AGENDA FINISHED: SETUP
[16:15:50 - INFO ] ┃ ⬒ AGENDA FINISHED: CARDS
[16:15:50 - INFO ] ┃ ⬒ AGENDA FINISHED: BATTLE
[16:15:50 - INFO ] ┃ ⬥ RHS fired: currentRound: increase round 
[16:15:50 - INFO ] ┃ ⬒ AGENDA FINISHED: SETUP
[16:15:50 - INFO ] ┃ ⬒ AGENDA FINISHED: CARDS
[16:15:50 - INFO ] ┃ ⬒ AGENDA FINISHED: BATTLE
[16:15:50 - INFO ] ┃ ⬥ RHS fired: currentRound: increase round 
[16:15:50 - INFO ] ┃ ⬒ AGENDA FINISHED: SETUP
[16:15:50 - INFO ] ┃ ⬒ AGENDA FINISHED: CARDS
[16:15:50 - INFO ] ┃ ⬒ AGENDA FINISHED: BATTLE
[16:15:50 - INFO ] ┃ ⬥ RHS fired: currentRound: increase round 
[16:15:50 - INFO ] ┃ ⬒ AGENDA FINISHED: SETUP
[16:15:50 - INFO ] ┃ ⬒ AGENDA FINISHED: CARDS
[16:15:50 - INFO ] ┃ ⬒ AGENDA FINISHED: BATTLE
[16:15:50 - INFO ] ┃ ⬥ RHS fired: currentRound: increase round 
[16:15:50 - INFO ] ┃ ⬒ AGENDA FINISHED: SETUP
[16:15:50 - INFO ] ┃ ⬒ AGENDA FINISHED: CARDS
[16:15:50 - INFO ] ┃ ⬒ AGENDA FINISHED: BATTLE
[16:15:50 - INFO ] ┃ ⬥ RHS fired: currentRound: increase round 
[16:15:50 - INFO ] ┃ ⬒ AGENDA FINISHED: SETUP
[16:15:50 - INFO ] ┃ ⬒ AGENDA FINISHED: CARDS
[16:15:50 - INFO ] ┃ ⬒ AGENDA FINISHED: BATTLE
[16:15:50 - INFO ] ┃ ⬥ RHS fired: currentRound: increase round 
[16:15:50 - INFO ] ┃ ⬒ AGENDA FINISHED: SETUP
[16:15:50 - INFO ] ┃ ⬒ AGENDA FINISHED: CARDS
[16:15:50 - INFO ] ┃ ⬒ AGENDA FINISHED: BATTLE
[16:15:50 - INFO ] ┃ ⬥ RHS fired: currentRound: increase round 
[16:15:50 - INFO ] ┃ ⬒ AGENDA FINISHED: SETUP
[16:15:50 - INFO ] ┃ ⬒ AGENDA FINISHED: CARDS
[16:15:50 - INFO ] ┃ ⬒ AGENDA FINISHED: BATTLE
[16:15:50 - INFO ] ┃ ⬥ RHS fired: currentRound: increase round 
[16:15:50 - INFO ] ┃ ⬒ AGENDA FINISHED: SETUP
[16:15:50 - INFO ] ┃ ⬒ AGENDA FINISHED: CARDS
[16:15:50 - INFO ] ┃ ⬒ AGENDA FINISHED: BATTLE
[16:15:50 - INFO ] ┃ ⬥ RHS fired: currentRound: increase round 
[16:15:50 - INFO ] ┃ ⬒ AGENDA FINISHED: SETUP
[16:15:50 - INFO ] ┃ ⬒ AGENDA FINISHED: CARDS
[16:15:50 - INFO ] ┃ ⬒ AGENDA FINISHED: BATTLE
[16:15:50 - INFO ] ┃ ⬥ RHS fired: currentRound: increase round 
[16:15:50 - INFO ] ┃ ⬒ AGENDA FINISHED: SETUP
[16:15:50 - INFO ] ┃ ⬒ AGENDA FINISHED: CARDS
[16:15:50 - INFO ] ┃ ⬒ AGENDA FINISHED: BATTLE
[16:15:50 - INFO ] ┃ ⬥ RHS fired: currentRound: increase round 
[16:15:50 - INFO ] ┃ ⬒ AGENDA FINISHED: SETUP
[16:15:50 - INFO ] ┃ ⬒ AGENDA FINISHED: CARDS
[16:15:50 - INFO ] ┃ ⬒ AGENDA FINISHED: BATTLE
[16:15:50 - INFO ] ┃ ⬥ RHS fired: currentRound: increase round 
[16:15:50 - INFO ] ┃ ⬒ AGENDA FINISHED: SETUP
[16:15:50 - INFO ] ┃ ⬒ AGENDA FINISHED: CARDS
[16:15:50 - INFO ] ┃ ⬒ AGENDA FINISHED: BATTLE
[16:15:50 - INFO ] ┃ ⬥ RHS fired: currentRound: increase round 
[16:15:50 - INFO ] ┃ ⬒ AGENDA FINISHED: SETUP
[16:15:50 - INFO ] ┃ ⬒ AGENDA FINISHED: CARDS
[16:15:50 - INFO ] ┃ ⬒ AGENDA FINISHED: BATTLE
[16:15:50 - INFO ] ┃ ⬥ RHS fired: currentRound: increase round 
[16:15:50 - INFO ] ┃ ⬒ AGENDA FINISHED: SETUP
[16:15:50 - INFO ] ┃ ⬒ AGENDA FINISHED: CARDS
[16:15:50 - INFO ] ┃ ⬒ AGENDA FINISHED: BATTLE
[16:15:50 - INFO ] ┃ ⬥ RHS fired: currentRound: increase round 
[16:15:50 - INFO ] ┃ ⬒ AGENDA FINISHED: SETUP
[16:15:50 - INFO ] ┃ ⬒ AGENDA FINISHED: CARDS
[16:15:50 - INFO ] ┃ ⬒ AGENDA FINISHED: BATTLE
[16:15:50 - INFO ] ┃ ⬥ RHS fired: currentRound: increase round 
[16:15:50 - INFO ] ┃ ⬒ AGENDA FINISHED: SETUP
[16:15:50 - INFO ] ┃ ⬒ AGENDA FINISHED: CARDS
[16:15:50 - INFO ] ┃ ⬒ AGENDA FINISHED: BATTLE
[16:15:50 - INFO ] ┃ ⬥ RHS fired: currentRound: increase round 
[16:15:50 - INFO ] ┃ ⬒ AGENDA FINISHED: SETUP
[16:15:50 - INFO ] ┃ ⬒ AGENDA FINISHED: CARDS
[16:15:50 - INFO ] ┃ ⬒ AGENDA FINISHED: BATTLE
[16:15:50 - INFO ] ┃ ⬥ RHS fired: currentRound: increase round 
[16:15:50 - INFO ] ┃ ⬒ AGENDA FINISHED: SETUP
[16:15:50 - INFO ] ┃ ⬒ AGENDA FINISHED: CARDS
[16:15:50 - INFO ] ┃ ⬒ AGENDA FINISHED: BATTLE
[16:15:50 - INFO ] ┃ ⬥ RHS fired: currentRound: increase round 
[16:15:50 - INFO ] ┃ ⬒ AGENDA FINISHED: SETUP
[16:15:50 - INFO ] ┃ ⬒ AGENDA FINISHED: CARDS
[16:15:50 - INFO ] ┃ ⬒ AGENDA FINISHED: BATTLE
[16:15:50 - INFO ] ┃ ⬥ RHS fired: currentRound: increase round 
[16:15:50 - INFO ] ┃ ⬒ AGENDA FINISHED: SETUP
[16:15:50 - INFO ] ┃ ⬒ AGENDA FINISHED: CARDS
[16:15:50 - INFO ] ┃ ⬒ AGENDA FINISHED: BATTLE
[16:15:50 - INFO ] ┃ ⬥ RHS fired: currentRound: increase round 
[16:15:50 - INFO ] ┃ ⬒ AGENDA FINISHED: SETUP
[16:15:50 - INFO ] ┃ ⬒ AGENDA FINISHED: CARDS
[16:15:50 - INFO ] ┃ ⬒ AGENDA FINISHED: BATTLE
[16:15:50 - INFO ] ┃ ⬥ RHS fired: currentRound: increase round 
[16:15:50 - INFO ] ┃ ⬒ AGENDA FINISHED: SETUP
[16:15:50 - INFO ] ┃ ⬒ AGENDA FINISHED: CARDS
[16:15:50 - INFO ] ┃ ⬒ AGENDA FINISHED: BATTLE
[16:15:50 - INFO ] ┃ ⬥ RHS fired: currentRound: increase round 
[16:15:50 - INFO ] ┃ ⬒ AGENDA FINISHED: SETUP
[16:15:50 - INFO ] ┃ ⬒ AGENDA FINISHED: CARDS
[16:15:50 - INFO ] ┃ ⬒ AGENDA FINISHED: BATTLE
[16:15:50 - INFO ] ┃ ⬥ RHS fired: currentRound: increase round 
[16:15:50 - INFO ] ┃ ⬒ AGENDA FINISHED: SETUP
[16:15:50 - INFO ] ┃ ⬒ AGENDA FINISHED: CARDS
[16:15:50 - INFO ] ┃ ⬒ AGENDA FINISHED: BATTLE
[16:15:50 - INFO ] ┃ ⬥ RHS fired: currentRound: increase round 
[16:15:50 - INFO ] ┃ ⬒ AGENDA FINISHED: SETUP
[16:15:50 - INFO ] ┃ ⬒ AGENDA FINISHED: CARDS
[16:15:50 - INFO ] ┃ ⬒ AGENDA FINISHED: BATTLE
[16:15:50 - INFO ] ┃ ⬥ RHS fired: currentRound: increase round 
[16:15:50 - INFO ] ┃ ⬒ AGENDA FINISHED: SETUP
[16:15:50 - INFO ] ┃ ⬒ AGENDA FINISHED: CARDS
[16:15:50 - INFO ] ┃ ⬒ AGENDA FINISHED: BATTLE
[16:15:50 - INFO ] ┃ ⬥ RHS fired: currentRound: increase round 
[16:15:50 - INFO ] ┃ ⬒ AGENDA FINISHED: SETUP
[16:15:50 - INFO ] ┃ ⬒ AGENDA FINISHED: CARDS
[16:15:50 - INFO ] ┃ ⬒ AGENDA FINISHED: BATTLE
[16:15:50 - INFO ] ┃ ⬥ RHS fired: currentRound: increase round 
[16:15:50 - INFO ] ┃ ⬒ AGENDA FINISHED: SETUP
[16:15:50 - INFO ] ┃ ⬒ AGENDA FINISHED: CARDS
[16:15:50 - INFO ] ┃ ⬒ AGENDA FINISHED: BATTLE
[16:15:50 - INFO ] ┃ ⬥ RHS fired: currentRound: increase round 
[16:15:50 - INFO ] ┃ ⬒ AGENDA FINISHED: SETUP
[16:15:50 - INFO ] ┃ ⬒ AGENDA FINISHED: CARDS
[16:15:50 - INFO ] ┃ ⬒ AGENDA FINISHED: BATTLE
[16:15:50 - INFO ] ┃ ⬥ RHS fired: currentRound: increase round 
[16:15:50 - INFO ] ┃ ⬒ AGENDA FINISHED: SETUP
[16:15:50 - INFO ] ┃ ⬒ AGENDA FINISHED: CARDS
[16:15:50 - INFO ] ┃ ⬒ AGENDA FINISHED: BATTLE
[16:15:50 - INFO ] ┃ ⬥ RHS fired: currentRound: increase round 
[16:15:50 - INFO ] ┃ ⬒ AGENDA FINISHED: SETUP
[16:15:50 - INFO ] ┃ ⬒ AGENDA FINISHED: CARDS
[16:15:50 - INFO ] ┃ ⬒ AGENDA FINISHED: BATTLE
[16:15:50 - INFO ] ┃ ⬥ RHS fired: currentRound: increase round 
[16:15:50 - INFO ] ┃ ⬒ AGENDA FINISHED: SETUP
[16:15:50 - INFO ] ┃ ⬒ AGENDA FINISHED: CARDS
[16:15:50 - INFO ] ┃ ⬒ AGENDA FINISHED: BATTLE
[16:15:50 - INFO ] ┃ ⬥ RHS fired: currentRound: increase round 
[16:15:50 - INFO ] ┃ ⬒ AGENDA FINISHED: SETUP
[16:15:50 - INFO ] ┃ ⬒ AGENDA FINISHED: CARDS
[16:15:50 - INFO ] ┃ ⬒ AGENDA FINISHED: BATTLE
[16:15:50 - INFO ] ┃ ⬥ RHS fired: currentRound: increase round 
[16:15:50 - INFO ] ┃ ⬒ AGENDA FINISHED: SETUP
[16:15:50 - INFO ] ┃ ⬒ AGENDA FINISHED: CARDS
[16:15:50 - INFO ] ┃ ⬒ AGENDA FINISHED: BATTLE
[16:15:50 - INFO ] ┃ ⬥ RHS fired: currentRound: increase round 
[16:15:50 - INFO ] ┃ ⬒ AGENDA FINISHED: SETUP
[16:15:50 - INFO ] ┃ ⬒ AGENDA FINISHED: CARDS
[16:15:50 - INFO ] ┃ ⬒ AGENDA FINISHED: BATTLE
[16:15:50 - INFO ] ┃ ⬥ RHS fired: currentRound: increase round 
[16:15:50 - INFO ] ┃ ⬒ AGENDA FINISHED: SETUP
[16:15:50 - INFO ] ┃ ⬒ AGENDA FINISHED: CARDS
[16:15:50 - INFO ] ┃ ⬒ AGENDA FINISHED: BATTLE
[16:15:50 - INFO ] ┃ ⬥ RHS fired: currentRound: increase round 
[16:15:50 - INFO ] ┃ ⬒ AGENDA FINISHED: SETUP
[16:15:50 - INFO ] ┃ ⬒ AGENDA FINISHED: CARDS
[16:15:50 - INFO ] ┃ ⬒ AGENDA FINISHED: BATTLE
[16:15:50 - INFO ] ┃ ⬥ RHS fired: currentRound: increase round 
[16:15:50 - INFO ] ┃ ⬒ AGENDA FINISHED: SETUP
[16:15:50 - INFO ] ┃ ⬒ AGENDA FINISHED: CARDS
[16:15:50 - INFO ] ┃ ⬒ AGENDA FINISHED: BATTLE
[16:15:50 - INFO ] ┃ ⬥ RHS fired: currentRound: increase round 
[16:15:50 - INFO ] ┃ ⬒ AGENDA FINISHED: SETUP
[16:15:50 - INFO ] ┃ ⬒ AGENDA FINISHED: CARDS
[16:15:50 - INFO ] ┃ ⬒ AGENDA FINISHED: BATTLE
[16:15:50 - INFO ] ┃ ⬥ RHS fired: currentRound: increase round 
[16:15:50 - INFO ] ┃ ⬒ AGENDA FINISHED: SETUP
[16:15:50 - INFO ] ┃ ⬒ AGENDA FINISHED: CARDS
[16:15:50 - INFO ] ┃ ⬒ AGENDA FINISHED: BATTLE
[16:15:50 - INFO ] ┃ ⬥ RHS fired: currentRound: increase round 
[16:15:50 - INFO ] ┃ ⬒ AGENDA FINISHED: SETUP
[16:15:50 - INFO ] ┃ ⬒ AGENDA FINISHED: CARDS
[16:15:50 - INFO ] ┃ ⬒ AGENDA FINISHED: BATTLE
[16:15:50 - INFO ] ┃ ⬥ RHS fired: currentRound: increase round 
[16:15:50 - INFO ] ┃ ⬒ AGENDA FINISHED: SETUP
[16:15:50 - INFO ] ┃ ⬒ AGENDA FINISHED: CARDS
[16:15:50 - INFO ] ┃ ⬒ AGENDA FINISHED: BATTLE
[16:15:50 - INFO ] ┃ ⬥ RHS fired: currentRound: increase round 
[16:15:50 - INFO ] ┃ ⬒ AGENDA FINISHED: SETUP
[16:15:50 - INFO ] ┃ ⬒ AGENDA FINISHED: CARDS
[16:15:50 - INFO ] ┃ ⬒ AGENDA FINISHED: BATTLE
[16:15:50 - INFO ] ┃ ⬥ RHS fired: currentRound: increase round 
[16:15:50 - INFO ] ┃ ⬒ AGENDA FINISHED: SETUP
[16:15:50 - INFO ] ┃ ⬒ AGENDA FINISHED: CARDS
[16:15:50 - INFO ] ┃ ⬒ AGENDA FINISHED: BATTLE
[16:15:50 - INFO ] ┃ ⬥ RHS fired: currentRound: increase round 
[16:15:50 - INFO ] ┃ ⬒ AGENDA FINISHED: SETUP
[16:15:50 - INFO ] ┃ ⬒ AGENDA FINISHED: CARDS
[16:15:50 - INFO ] ┃ ⬒ AGENDA FINISHED: BATTLE
[16:15:50 - INFO ] ┃ ⬥ RHS fired: currentRound: increase round 
[16:15:50 - INFO ] ┃ ⬒ AGENDA FINISHED: SETUP
[16:15:50 - INFO ] ┃ ⬒ AGENDA FINISHED: CARDS
[16:15:50 - INFO ] ┃ ⬒ AGENDA FINISHED: BATTLE
[16:15:50 - INFO ] ┃ ⬥ RHS fired: currentRound: increase round 
[16:15:50 - INFO ] ┃ ⬒ AGENDA FINISHED: SETUP
[16:15:50 - INFO ] ┃ ⬒ AGENDA FINISHED: CARDS
[16:15:50 - INFO ] ┃ ⬒ AGENDA FINISHED: BATTLE
[16:15:50 - INFO ] ┃ ⬥ RHS fired: currentRound: increase round 
[16:15:50 - INFO ] ┃ ⬒ AGENDA FINISHED: SETUP
[16:15:50 - INFO ] ┃ ⬒ AGENDA FINISHED: CARDS
[16:15:50 - INFO ] ┃ ⬒ AGENDA FINISHED: BATTLE
[16:15:50 - INFO ] ┃ ⬥ RHS fired: currentRound: increase round 
[16:15:50 - INFO ] ┃ ⬒ AGENDA FINISHED: SETUP
[16:15:50 - INFO ] ┃ ⬒ AGENDA FINISHED: CARDS
[16:15:50 - INFO ] ┃ ⬒ AGENDA FINISHED: BATTLE
[16:15:50 - INFO ] ┃ ⬥ RHS fired: currentRound: increase round 
[16:15:50 - INFO ] ┃ ⬒ AGENDA FINISHED: SETUP
[16:15:50 - INFO ] ┃ ⬒ AGENDA FINISHED: CARDS
[16:15:50 - INFO ] ┃ ⬒ AGENDA FINISHED: BATTLE
[16:15:50 - INFO ] ┃ ⬥ RHS fired: currentRound: increase round 
[16:15:50 - INFO ] ┃ ⬒ AGENDA FINISHED: SETUP
[16:15:50 - INFO ] ┃ ⬒ AGENDA FINISHED: CARDS
[16:15:50 - INFO ] ┃ ⬒ AGENDA FINISHED: BATTLE
[16:15:50 - INFO ] ┃ ⬥ RHS fired: currentRound: increase round 
[16:15:50 - INFO ] ┃ ⬒ AGENDA FINISHED: SETUP
[16:15:50 - INFO ] ┃ ⬒ AGENDA FINISHED: CARDS
[16:15:50 - INFO ] ┃ ⬒ AGENDA FINISHED: BATTLE
[16:15:50 - INFO ] ┃ ⬥ RHS fired: currentRound: increase round 
[16:15:50 - INFO ] ┃ ⬒ AGENDA FINISHED: SETUP
[16:15:50 - INFO ] ┃ ⬒ AGENDA FINISHED: CARDS
[16:15:50 - INFO ] ┃ ⬒ AGENDA FINISHED: BATTLE
[16:15:50 - INFO ] ┃ ⬥ RHS fired: currentRound: increase round 
[16:15:50 - INFO ] ┃ ⬒ AGENDA FINISHED: SETUP
[16:15:50 - INFO ] ┃ ⬒ AGENDA FINISHED: CARDS
[16:15:50 - INFO ] ┃ ⬒ AGENDA FINISHED: BATTLE
[16:15:50 - INFO ] ┃ ⬥ RHS fired: currentRound: increase round 
[16:15:50 - INFO ] ┃ ⬒ AGENDA FINISHED: SETUP
[16:15:50 - INFO ] ┃ ⬒ AGENDA FINISHED: CARDS
[16:15:50 - INFO ] ┃ ⬒ AGENDA FINISHED: BATTLE
[16:15:50 - INFO ] ┃ ⬥ RHS fired: currentRound: increase round 
[16:15:50 - INFO ] ┃ ⬒ AGENDA FINISHED: SETUP
[16:15:50 - INFO ] ┃ ⬒ AGENDA FINISHED: CARDS
[16:15:50 - INFO ] ┃ ⬒ AGENDA FINISHED: BATTLE
[16:15:50 - INFO ] ┃ ⬥ RHS fired: currentRound: increase round 
[16:15:50 - INFO ] ┃ ⬒ AGENDA FINISHED: SETUP
[16:15:50 - INFO ] ┃ ⬒ AGENDA FINISHED: CARDS
[16:15:50 - INFO ] ┃ ⬒ AGENDA FINISHED: BATTLE
[16:15:50 - INFO ] ┃ ⬥ RHS fired: currentRound: increase round 
[16:15:50 - INFO ] ┃ ⬒ AGENDA FINISHED: SETUP
[16:15:50 - INFO ] ┃ ⬒ AGENDA FINISHED: CARDS
[16:15:50 - INFO ] ┃ ⬒ AGENDA FINISHED: BATTLE
[16:15:50 - INFO ] ┃ ⬥ RHS fired: currentRound: increase round 
[16:15:50 - INFO ] ┃ ⬒ AGENDA FINISHED: SETUP
[16:15:50 - INFO ] ┃ ⬒ AGENDA FINISHED: CARDS
[16:15:50 - INFO ] ┃ ⬒ AGENDA FINISHED: BATTLE
[16:15:50 - INFO ] ┃ ⬥ RHS fired: currentRound: increase round 
[16:15:50 - INFO ] ┃ ⬒ AGENDA FINISHED: SETUP
[16:15:50 - INFO ] ┃ ⬒ AGENDA FINISHED: CARDS
[16:15:50 - INFO ] ┃ ⬒ AGENDA FINISHED: BATTLE
[16:15:50 - INFO ] ┃ ⬥ RHS fired: currentRound: increase round 
[16:15:50 - INFO ] ┃ ⬒ AGENDA FINISHED: SETUP
[16:15:50 - INFO ] ┃ ⬒ AGENDA FINISHED: CARDS
[16:15:50 - INFO ] ┃ ⬒ AGENDA FINISHED: BATTLE
[16:15:50 - INFO ] ┃ ⬥ RHS fired: currentRound: increase round 
[16:15:50 - INFO ] ┃ ⬒ AGENDA FINISHED: SETUP
[16:15:50 - INFO ] ┃ ⬒ AGENDA FINISHED: CARDS
[16:15:50 - INFO ] ┃ ⬒ AGENDA FINISHED: BATTLE
[16:15:50 - INFO ] ┃ ⬥ RHS fired: currentRound: increase round 
[16:15:50 - INFO ] ┃ ⬒ AGENDA FINISHED: SETUP
[16:15:50 - INFO ] ┃ ⬒ AGENDA FINISHED: CARDS
[16:15:50 - INFO ] ┃ ⬒ AGENDA FINISHED: BATTLE
[16:15:50 - INFO ] ┃ ⬥ RHS fired: currentRound: increase round 
[16:15:50 - INFO ] ┃ ⬒ AGENDA FINISHED: SETUP
[16:15:50 - INFO ] ┃ ⬒ AGENDA FINISHED: CARDS
[16:15:50 - INFO ] ┃ ⬒ AGENDA FINISHED: BATTLE
[16:15:50 - INFO ] ┃ ⬥ RHS fired: currentRound: increase round 
[16:15:50 - INFO ] ┃ ⬒ AGENDA FINISHED: SETUP
[16:15:50 - INFO ] ┃ ⬒ AGENDA FINISHED: CARDS
[16:15:50 - INFO ] ┃ ⬒ AGENDA FINISHED: BATTLE
[16:15:50 - INFO ] ┃ ⬥ RHS fired: currentRound: increase round 
[16:15:50 - INFO ] ┃ ⬒ AGENDA FINISHED: SETUP
[16:15:50 - INFO ] ┃ ⬒ AGENDA FINISHED: CARDS
[16:15:50 - INFO ] ┃ ⬒ AGENDA FINISHED: BATTLE
[16:15:50 - INFO ] ┃ ⬥ RHS fired: currentRound: increase round 
[16:15:50 - INFO ] ┃ ⬒ AGENDA FINISHED: SETUP
[16:15:50 - INFO ] ┃ ⬒ AGENDA FINISHED: CARDS
[16:15:50 - INFO ] ┃ ⬒ AGENDA FINISHED: BATTLE
[16:15:50 - INFO ] ┃ ⬥ RHS fired: currentRound: increase round 
[16:15:50 - INFO ] ┃ ⬒ AGENDA FINISHED: SETUP
[16:15:50 - INFO ] ┃ ⬒ AGENDA FINISHED: CARDS
[16:15:50 - INFO ] ┃ ⬒ AGENDA FINISHED: BATTLE
[16:15:50 - INFO ] ┃ ⬥ RHS fired: currentRound: increase round 
[16:15:50 - INFO ] ┃ ⬒ AGENDA FINISHED: SETUP
[16:15:50 - INFO ] ┃ ⬒ AGENDA FINISHED: CARDS
[16:15:50 - INFO ] ┃ ⬒ AGENDA FINISHED: BATTLE
[16:15:50 - INFO ] ┃ ⬥ RHS fired: currentRound: increase round 
[16:15:50 - INFO ] ┃ ⬒ AGENDA FINISHED: SETUP
[16:15:50 - INFO ] ┃ ⬒ AGENDA FINISHED: CARDS
[16:15:50 - INFO ] ┃ ⬒ AGENDA FINISHED: BATTLE
[16:15:50 - INFO ] ┃ ⬥ RHS fired: currentRound: increase round 
[16:15:50 - INFO ] ┃ ⬒ AGENDA FINISHED: SETUP
[16:15:50 - INFO ] ┃ ⬒ AGENDA FINISHED: CARDS
[16:15:50 - INFO ] ┃ ⬒ AGENDA FINISHED: BATTLE
[16:15:50 - INFO ] ┃ ⬥ RHS fired: currentRound: increase round 
[16:15:50 - INFO ] ┃ ⬒ AGENDA FINISHED: SETUP
[16:15:50 - INFO ] ┃ ⬒ AGENDA FINISHED: CARDS
[16:15:50 - INFO ] ┃ ⬒ AGENDA FINISHED: BATTLE
[16:15:50 - INFO ] ┃ ⬥ RHS fired: currentRound: increase round 
[16:15:50 - INFO ] ┃ ⬒ AGENDA FINISHED: SETUP
[16:15:50 - INFO ] ┃ ⬒ AGENDA FINISHED: CARDS
[16:15:50 - INFO ] ┃ ⬒ AGENDA FINISHED: BATTLE
[16:15:50 - INFO ] ┃ ⬥ RHS fired: currentRound: increase round 
[16:15:50 - INFO ] ┃ ⬒ AGENDA FINISHED: SETUP
[16:15:50 - INFO ] ┃ ⬒ AGENDA FINISHED: CARDS
[16:15:50 - INFO ] ┃ ⬒ AGENDA FINISHED: BATTLE
[16:15:50 - INFO ] ┃ ⬥ RHS fired: currentRound: increase round 
[16:15:50 - INFO ] ┃ ⬒ AGENDA FINISHED: SETUP
[16:15:50 - INFO ] ┃ ⬒ AGENDA FINISHED: CARDS
[16:15:50 - INFO ] ┃ ⬒ AGENDA FINISHED: BATTLE
[16:15:50 - INFO ] ┃ ⬥ RHS fired: currentRound: increase round 
[16:15:50 - INFO ] ┃ ⬒ AGENDA FINISHED: SETUP
[16:15:50 - INFO ] ┃ ⬒ AGENDA FINISHED: CARDS
[16:15:50 - INFO ] ┃ ⬒ AGENDA FINISHED: BATTLE
[16:15:50 - INFO ] ┃ ⬥ RHS fired: currentRound: increase round 
[16:15:50 - INFO ] ┃ ⬒ AGENDA FINISHED: SETUP
[16:15:50 - INFO ] ┃ ⬒ AGENDA FINISHED: CARDS
[16:15:50 - INFO ] ┃ ⬒ AGENDA FINISHED: BATTLE
[16:15:50 - INFO ] ┃ ⬥ RHS fired: currentRound: increase round 
[16:15:50 - INFO ] ┃ ⬒ AGENDA FINISHED: SETUP
[16:15:50 - INFO ] ┃ ⬒ AGENDA FINISHED: CARDS
[16:15:50 - INFO ] ┃ ⬒ AGENDA FINISHED: BATTLE
[16:15:50 - INFO ] ┃ ⬥ RHS fired: currentRound: increase round 
[16:15:50 - INFO ] ┃ ⬥ RHS fired: currentRound: max value 
[16:15:50 - INFO ] ┃ ⬒ AGENDA FINISHED: SETUP
[16:15:50 - INFO ] ┃ ⬒ AGENDA FINISHED: CARDS
[16:15:50 - INFO ] ┃ ⬒ AGENDA FINISHED: BATTLE
[16:15:50 - INFO ] ┃ ⬥ RHS fired: currentRound: increase round 
[16:15:50 - INFO ] ┃ ⬥ RHS fired: currentRound: max value 
[16:15:50 - INFO ] ┃ ⬒ AGENDA FINISHED: SETUP
[16:15:50 - INFO ] ┃ ⬒ AGENDA FINISHED: CARDS
[16:15:50 - INFO ] ┃ ⬒ AGENDA FINISHED: BATTLE
[16:15:50 - INFO ] ┃ ⬥ RHS fired: currentRound: increase round 
[16:15:50 - INFO ] ┃ ⬒ AGENDA FINISHED: SETUP
[16:15:50 - INFO ] ┃ ⬥ RHS fired: maxLife: min value 
[16:15:50 - INFO ] ┃ ⬒ AGENDA FINISHED: CARDS
[16:15:50 - INFO ] ┃ ⬥ RHS fired: currentLife: max value 
[16:15:50 - INFO ] ┃ ⬒ AGENDA FINISHED: BATTLE
[16:15:50 - INFO ] ┃ ⬥ RHS fired: currentRound: increase round 
[16:15:50 - INFO ] ┃ ⬒ AGENDA FINISHED: SETUP
[16:15:50 - INFO ] ┃ ⬥ RHS fired: maxLife: max value 
[16:15:50 - INFO ] ┃ ⬒ AGENDA FINISHED: CARDS
[16:15:50 - INFO ] ┃ ⬒ AGENDA FINISHED: BATTLE
[16:15:50 - INFO ] ┃ ⬥ RHS fired: currentRound: increase round 
[16:15:50 - INFO ] ┃ ⬒ AGENDA FINISHED: SETUP
[16:15:50 - INFO ] ┃ ⬒ AGENDA FINISHED: CARDS
[16:15:50 - INFO ] ┃ ⬒ AGENDA FINISHED: BATTLE
[16:15:50 - INFO ] ┃ ⬥ RHS fired: currentRound: increase round 
[16:15:50 - INFO ] ┃ ⬒ AGENDA FINISHED: SETUP
[16:15:50 - INFO ] ┃ ⬒ AGENDA FINISHED: CARDS
[16:15:50 - INFO ] ┃ ⬒ AGENDA FINISHED: BATTLE
[16:15:50 - INFO ] ┃ ⬥ RHS fired: currentRound: increase round 
[16:15:50 - INFO ] ┃ ⬒ AGENDA FINISHED: SETUP
[16:15:50 - INFO ] ┃ ⬥ RHS fired: speed: max value 
[16:15:50 - INFO ] ┃ ⬒ AGENDA FINISHED: CARDS
[16:15:50 - INFO ] ┃ ⬒ AGENDA FINISHED: BATTLE
[16:15:50 - INFO ] ┃ ⬥ RHS fired: currentRound: increase round 
[16:15:50 - INFO ] ┃ ⬒ AGENDA FINISHED: SETUP
[16:15:50 - INFO ] Player null is buying resource CH (cost: 10). Pay with life: true
[16:15:50 - INFO ] ┃ ⬥ RHS fired: card 1-bad side 
[16:15:50 - INFO ] ┃ ⬒ AGENDA FINISHED: CARDS
[16:15:50 - INFO ] ┃ ⬒ AGENDA FINISHED: BATTLE
[16:15:50 - INFO ] ┃ ⬥ RHS fired: currentRound: increase round 
[16:15:50 - INFO ] ┃ ⬒ AGENDA FINISHED: SETUP
[16:15:50 - INFO ] ┃ ⬥ RHS fired: card 1-good side 
[16:15:50 - INFO ] ┃ ⬒ AGENDA FINISHED: CARDS
[16:15:50 - INFO ] ┃ ⬒ AGENDA FINISHED: BATTLE
[16:15:50 - INFO ] ┃ ⬥ RHS fired: currentRound: increase round 
[16:15:50 - INFO ] ┃ ⬒ AGENDA FINISHED: SETUP
[16:15:50 - INFO ] ┃ ⬥ RHS fired: card 1-good side 
[16:15:50 - INFO ] ┃ ⬒ AGENDA FINISHED: CARDS
[16:15:50 - INFO ] ┃ ⬒ AGENDA FINISHED: BATTLE
[16:15:50 - INFO ] ┃ ⬥ RHS fired: currentRound: increase round 
[16:15:50 - INFO ] ┃ ⬒ AGENDA FINISHED: SETUP
[16:15:50 - INFO ] ┃ ⬒ AGENDA FINISHED: CARDS
[16:15:50 - INFO ] ┃ ⬒ AGENDA FINISHED: BATTLE
[16:15:50 - INFO ] ┃ ⬥ RHS fired: currentRound: increase round 
[16:15:50 - INFO ] ┃ ⬒ AGENDA FINISHED: SETUP
[16:15:50 - INFO ] ┃ ⬒ AGENDA FINISHED: CARDS
[16:15:50 - INFO ] ┃ ⬒ AGENDA FINISHED: BATTLE
[16:15:50 - INFO ] ┃ ⬥ RHS fired: currentRound: increase round 
[16:15:50 - INFO ] ┃ ⬒ AGENDA FINISHED: SETUP
[16:15:50 - INFO ] ┃ ⬒ AGENDA FINISHED: CARDS
[16:15:50 - INFO ] ┃ ⬒ AGENDA FINISHED: BATTLE
[16:15:50 - INFO ] ┃ ⬥ RHS fired: currentRound: increase round 
[16:15:50 - INFO ] ┃ ⬒ AGENDA FINISHED: SETUP
[16:15:50 - INFO ] ┃ ⬒ AGENDA FINISHED: CARDS
[16:15:50 - INFO ] ┃ ⬒ AGENDA FINISHED: BATTLE
[16:15:50 - INFO ] ┃ ⬥ RHS fired: currentRound: increase round 
[16:15:50 - INFO ] ┃ ⬒ AGENDA FINISHED: SETUP
[16:15:50 - INFO ] ┃ ⬒ AGENDA FINISHED: CARDS
[16:15:50 - INFO ] ┃ ⬒ AGENDA FINISHED: BATTLE
[16:15:50 - INFO ] ┃ ⬥ RHS fired: currentRound: increase round 
[16:15:50 - INFO ] ┃ ⬒ AGENDA FINISHED: SETUP
[16:15:50 - INFO ] ┃ ⬒ AGENDA FINISHED: CARDS
[16:15:50 - INFO ] ┃ ⬒ AGENDA FINISHED: BATTLE
[16:15:50 - INFO ] ┃ ⬥ RHS fired: currentRound: increase round 
[16:15:50 - INFO ] ┃ ⬒ AGENDA FINISHED: SETUP
[16:15:50 - INFO ] ┃ ⬒ AGENDA FINISHED: CARDS
[16:15:50 - INFO ] ┃ ⬒ AGENDA FINISHED: BATTLE
[16:15:50 - INFO ] ┃ ⬥ RHS fired: currentRound: increase round 
[16:15:50 - INFO ] ┃ ⬒ AGENDA FINISHED: SETUP
[16:15:50 - INFO ] ┃ ⬒ AGENDA FINISHED: CARDS
[16:15:50 - INFO ] ┃ ⬒ AGENDA FINISHED: BATTLE
[16:15:50 - INFO ] ┃ ⬥ RHS fired: currentRound: increase round 
[16:15:50 - INFO ] ┃ ⬒ AGENDA FINISHED: SETUP
[16:15:50 - INFO ] ┃ ⬒ AGENDA FINISHED: CARDS
[16:15:50 - INFO ] ┃ ⬒ AGENDA FINISHED: BATTLE
[16:15:50 - INFO ] ┃ ⬥ RHS fired: currentRound: increase round 
[16:15:50 - INFO ] ┃ ⬒ AGENDA FINISHED: SETUP
[16:15:50 - INFO ] ┃ ⬒ AGENDA FINISHED: CARDS
[16:15:50 - INFO ] ┃ ⬒ AGENDA FINISHED: BATTLE
[16:15:50 - INFO ] ┃ ⬥ RHS fired: currentRound: increase round 
[16:15:50 - INFO ] ┃ ⬒ AGENDA FINISHED: SETUP
[16:15:50 - INFO ] ┃ ⬒ AGENDA FINISHED: CARDS
[16:15:50 - INFO ] ┃ ⬒ AGENDA FINISHED: BATTLE
[16:15:50 - INFO ] ┃ ⬥ RHS fired: currentRound: increase round 
[16:15:50 - INFO ] ┃ ⬒ AGENDA FINISHED: SETUP
[16:15:50 - INFO ] ┃ ⬒ AGENDA FINISHED: CARDS
[16:15:50 - INFO ] ┃ ⬒ AGENDA FINISHED: BATTLE
[16:15:50 - INFO ] ┃ ⬥ RHS fired: currentRound: increase round 
[16:15:50 - INFO ] ┃ ⬒ AGENDA FINISHED: SETUP
[16:15:50 - INFO ] ┃ ⬒ AGENDA FINISHED: CARDS
[16:15:50 - INFO ] ┃ ⬒ AGENDA FINISHED: BATTLE
[16:15:50 - INFO ] ┃ ⬥ RHS fired: currentRound: increase round 
[16:15:50 - INFO ] ┃ ⬒ AGENDA FINISHED: SETUP
[16:15:50 - INFO ] ┃ ⬒ AGENDA FINISHED: CARDS
[16:15:50 - INFO ] ┃ ⬒ AGENDA FINISHED: BATTLE
[16:15:50 - INFO ] ┃ ⬥ RHS fired: currentRound: increase round 
[16:15:50 - INFO ] ┃ ⬒ AGENDA FINISHED: SETUP
[16:15:50 - INFO ] ┃ ⬒ AGENDA FINISHED: CARDS
[16:15:50 - INFO ] ┃ ⬒ AGENDA FINISHED: BATTLE
[16:15:50 - INFO ] ┃ ⬥ RHS fired: currentRound: increase round 
[16:15:50 - INFO ] ┃ ⬒ AGENDA FINISHED: SETUP
[16:15:50 - INFO ] ┃ ⬒ AGENDA FINISHED: CARDS
[16:15:50 - INFO ] ┃ ⬒ AGENDA FINISHED: BATTLE
[16:15:50 - INFO ] ┃ ⬥ RHS fired: currentRound: increase round 
[16:15:50 - INFO ] ┃ ⬒ AGENDA FINISHED: SETUP
[16:15:50 - INFO ] ┃ ⬒ AGENDA FINISHED: CARDS
[16:15:50 - INFO ] ┃ ⬒ AGENDA FINISHED: BATTLE
[16:15:50 - INFO ] ┃ ⬥ RHS fired: currentRound: increase round 
[16:15:50 - INFO ] ┃ ⬒ AGENDA FINISHED: SETUP
[16:15:50 - INFO ] ┃ ⬒ AGENDA FINISHED: CARDS
[16:15:50 - INFO ] ┃ ⬒ AGENDA FINISHED: BATTLE
[16:15:50 - INFO ] ┃ ⬥ RHS fired: currentRound: increase round 
[16:15:50 - INFO ] ┃ ⬒ AGENDA FINISHED: SETUP
[16:15:50 - INFO ] ┃ ⬒ AGENDA FINISHED: CARDS
[16:15:50 - INFO ] ┃ ⬒ AGENDA FINISHED: BATTLE
]]></system-out>
  <system-err><![CDATA[]]></system-err>
</testsuite>
