<?xml version="1.0" encoding="UTF-8"?>
<testsuite name="com.terahorse.fobit.controller.pages.MainControllerSpec" tests="1" skipped="0" failures="0" errors="0" timestamp="2020-01-05T19:15:47" hostname="g5" time="0.247">
  <properties/>
  <testcase name="$spock_feature_1_0" classname="com.terahorse.fobit.controller.pages.MainControllerSpec" time="0.247"/>
  <system-out><![CDATA[[16:15:47 - INFO ] Neither @ContextConfiguration nor @ContextHierarchy found for test class [com.terahorse.fobit.controller.pages.MainControllerSpec], using SpringBootContextLoader
[16:15:47 - INFO ] Could not detect default resource locations for test class [com.terahorse.fobit.controller.pages.MainControllerSpec]: no resource found for suffixes {-context.xml, Context.groovy}.
[16:15:47 - INFO ] Loaded default TestExecutionListener class names from location [META-INF/spring.factories]: [org.springframework.boot.test.autoconfigure.restdocs.RestDocsTestExecutionListener, org.springframework.boot.test.autoconfigure.web.client.MockRestServiceServerResetTestExecutionListener, org.springframework.boot.test.autoconfigure.web.servlet.MockMvcPrintOnlyOnFailureTestExecutionListener, org.springframework.boot.test.autoconfigure.web.servlet.WebDriverTestExecutionListener, org.springframework.boot.test.mock.mockito.MockitoTestExecutionListener, org.springframework.boot.test.mock.mockito.ResetMocksTestExecutionListener, org.springframework.test.context.web.ServletTestExecutionListener, org.springframework.test.context.support.DirtiesContextBeforeModesTestExecutionListener, org.springframework.test.context.support.DependencyInjectionTestExecutionListener, org.springframework.test.context.support.DirtiesContextTestExecutionListener, org.springframework.test.context.transaction.TransactionalTestExecutionListener, org.springframework.test.context.jdbc.SqlScriptsTestExecutionListener]
[16:15:47 - INFO ] Using TestExecutionListeners: [org.springframework.test.context.web.ServletTestExecutionListener@152c3be0, org.springframework.test.context.support.DirtiesContextBeforeModesTestExecutionListener@627584ff, org.springframework.boot.test.mock.mockito.MockitoTestExecutionListener@5b25efd0, org.springframework.boot.test.autoconfigure.SpringBootDependencyInjectionTestExecutionListener@2c7ed009, org.springframework.test.context.support.DirtiesContextTestExecutionListener@58791d5d, org.springframework.boot.test.autoconfigure.restdocs.RestDocsTestExecutionListener@16e528d1, org.springframework.boot.test.autoconfigure.web.client.MockRestServiceServerResetTestExecutionListener@62ca1eb2, org.springframework.boot.test.autoconfigure.web.servlet.MockMvcPrintOnlyOnFailureTestExecutionListener@38ee747a, org.springframework.boot.test.autoconfigure.web.servlet.WebDriverTestExecutionListener@286d05cf, org.springframework.boot.test.mock.mockito.ResetMocksTestExecutionListener@17f113b3]
]]></system-out>
  <system-err><![CDATA[]]></system-err>
</testsuite>
