<?xml version="1.0" encoding="UTF-8"?>
<testsuite name="com.terahorse.fobit.controller.api.CardControllerSpec" tests="1" skipped="0" failures="0" errors="0" timestamp="2020-01-05T19:15:47" hostname="g5" time="0.126">
  <properties/>
  <testcase name="$spock_feature_1_0" classname="com.terahorse.fobit.controller.api.CardControllerSpec" time="0.126"/>
  <system-out><![CDATA[[16:15:47 - INFO ] Neither @ContextConfiguration nor @ContextHierarchy found for test class [com.terahorse.fobit.controller.api.CardControllerSpec], using SpringBootContextLoader
[16:15:47 - INFO ] Could not detect default resource locations for test class [com.terahorse.fobit.controller.api.CardControllerSpec]: no resource found for suffixes {-context.xml, Context.groovy}.
[16:15:47 - INFO ] Loaded default TestExecutionListener class names from location [META-INF/spring.factories]: [org.springframework.boot.test.autoconfigure.restdocs.RestDocsTestExecutionListener, org.springframework.boot.test.autoconfigure.web.client.MockRestServiceServerResetTestExecutionListener, org.springframework.boot.test.autoconfigure.web.servlet.MockMvcPrintOnlyOnFailureTestExecutionListener, org.springframework.boot.test.autoconfigure.web.servlet.WebDriverTestExecutionListener, org.springframework.boot.test.mock.mockito.MockitoTestExecutionListener, org.springframework.boot.test.mock.mockito.ResetMocksTestExecutionListener, org.springframework.test.context.web.ServletTestExecutionListener, org.springframework.test.context.support.DirtiesContextBeforeModesTestExecutionListener, org.springframework.test.context.support.DependencyInjectionTestExecutionListener, org.springframework.test.context.support.DirtiesContextTestExecutionListener, org.springframework.test.context.transaction.TransactionalTestExecutionListener, org.springframework.test.context.jdbc.SqlScriptsTestExecutionListener]
[16:15:47 - INFO ] Using TestExecutionListeners: [org.springframework.test.context.web.ServletTestExecutionListener@4e48a176, org.springframework.test.context.support.DirtiesContextBeforeModesTestExecutionListener@6e7c9178, org.springframework.boot.test.mock.mockito.MockitoTestExecutionListener@3b01ab6a, org.springframework.boot.test.autoconfigure.SpringBootDependencyInjectionTestExecutionListener@778afe9f, org.springframework.test.context.support.DirtiesContextTestExecutionListener@7cc2a209, org.springframework.boot.test.autoconfigure.restdocs.RestDocsTestExecutionListener@763f0bb8, org.springframework.boot.test.autoconfigure.web.client.MockRestServiceServerResetTestExecutionListener@40d3a4ee, org.springframework.boot.test.autoconfigure.web.servlet.MockMvcPrintOnlyOnFailureTestExecutionListener@608dc46d, org.springframework.boot.test.autoconfigure.web.servlet.WebDriverTestExecutionListener@936e09f, org.springframework.boot.test.mock.mockito.ResetMocksTestExecutionListener@7da58ca]
[16:15:47 - INFO ] Getting cards
]]></system-out>
  <system-err><![CDATA[]]></system-err>
</testsuite>
