<?xml version="1.0" encoding="UTF-8"?>
<testsuite name="com.terahorse.fobit.model.RoundLogSpec" tests="1" skipped="0" failures="0" errors="0" timestamp="2020-01-05T19:15:49" hostname="g5" time="0.003">
  <properties/>
  <testcase name="Test of getters/setters" classname="com.terahorse.fobit.model.RoundLogSpec" time="0.003"/>
  <system-out><![CDATA[]]></system-out>
  <system-err><![CDATA[]]></system-err>
</testsuite>
