<?xml version="1.0" encoding="UTF-8"?>
<testsuite name="com.terahorse.fobit.rules.BattleRuleSpec" tests="5" skipped="0" failures="2" errors="0" timestamp="2020-01-05T19:15:50" hostname="g5" time="0.045">
  <properties/>
  <testcase name="currentLife: min value" classname="com.terahorse.fobit.rules.BattleRuleSpec" time="0.003"/>
  <testcase name="currentLife: max value" classname="com.terahorse.fobit.rules.BattleRuleSpec" time="0.002"/>
  <testcase name="core: simple attack" classname="com.terahorse.fobit.rules.BattleRuleSpec" time="0.025">
    <failure message="Condition not satisfied:&#10;&#10;red.armor == 0.2F&#10;|   |     |&#10;|   0.0   false&#10;com.terahorse.fobit.model.Player@8063c7c&#10;" type="org.spockframework.runtime.SpockComparisonFailure">Condition not satisfied:

red.armor == 0.2F
|   |     |
|   0.0   false
com.terahorse.fobit.model.Player@8063c7c

	at com.terahorse.fobit.rules.BattleRuleSpec.core: simple attack(BattleRuleSpec.groovy:42)
</failure>
  </testcase>
  <testcase name="core: a strong player defeats another in few rounds" classname="com.terahorse.fobit.rules.BattleRuleSpec" time="0.013">
    <failure message="Condition not satisfied:&#10;&#10;game.currentRound == 3&#10;|    |            |&#10;|    9            false&#10;com.terahorse.fobit.model.Game@58864214&#10;" type="org.spockframework.runtime.SpockComparisonFailure">Condition not satisfied:

game.currentRound == 3
|    |            |
|    9            false
com.terahorse.fobit.model.Game@58864214

	at com.terahorse.fobit.rules.BattleRuleSpec.core: a strong player defeats another in few rounds(BattleRuleSpec.groovy:71)
</failure>
  </testcase>
  <testcase name="core: a very strong player defeats another in 1 round" classname="com.terahorse.fobit.rules.BattleRuleSpec" time="0.002"/>
  <system-out><![CDATA[[16:15:50 - INFO ] ┃ ⬥ RHS fired: currentRound: increase round 
[16:15:50 - INFO ] ┃ ⬒ AGENDA FINISHED: SETUP
[16:15:50 - INFO ] ┃ ⬒ AGENDA FINISHED: CARDS
[16:15:50 - INFO ] ┃ ⬥ RHS fired: currentLife: min value 
[16:15:50 - INFO ] ┃ ⬥ RHS fired: core: player defeats another 
[16:15:50 - INFO ] ┃ ⬒ AGENDA FINISHED: BATTLE
[16:15:50 - INFO ] ┃ ⬥ RHS fired: currentRound: increase round 
[16:15:50 - INFO ] ┃ ⬒ AGENDA FINISHED: SETUP
[16:15:50 - INFO ] ┃ ⬒ AGENDA FINISHED: CARDS
[16:15:50 - INFO ] ┃ ⬥ RHS fired: currentLife: max value 
[16:15:50 - INFO ] ┃ ⬒ AGENDA FINISHED: BATTLE
[16:15:50 - INFO ] ┃ ⬥ RHS fired: currentRound: increase round 
[16:15:50 - INFO ] ┃ ⬥ RHS fired: remainingAttacks: reload 
[16:15:50 - INFO ] ┃ ⬒ AGENDA FINISHED: SETUP
[16:15:50 - INFO ] ┃ ⬒ AGENDA FINISHED: CARDS
[16:15:50 - INFO ] ┃ ⬥ RHS fired: core: attack 
[16:15:50 - INFO ] ┃ ⬒ AGENDA FINISHED: BATTLE
[16:15:50 - INFO ] ┃ ⬥ RHS fired: currentRound: increase round 
[16:15:50 - INFO ] ┃ ⬥ RHS fired: remainingAttacks: reload 
[16:15:50 - INFO ] ┃ ⬒ AGENDA FINISHED: SETUP
[16:15:50 - INFO ] ┃ ⬒ AGENDA FINISHED: CARDS
[16:15:50 - INFO ] ┃ ⬥ RHS fired: core: attack 
[16:15:50 - INFO ] ┃ ⬒ AGENDA FINISHED: BATTLE
[16:15:50 - INFO ] ┃ ⬥ RHS fired: currentRound: increase round 
[16:15:50 - INFO ] ┃ ⬥ RHS fired: remainingAttacks: reload 
[16:15:50 - INFO ] ┃ ⬒ AGENDA FINISHED: SETUP
[16:15:50 - INFO ] ┃ ⬒ AGENDA FINISHED: CARDS
[16:15:50 - INFO ] ┃ ⬥ RHS fired: core: attack 
[16:15:50 - INFO ] ┃ ⬒ AGENDA FINISHED: BATTLE
[16:15:50 - INFO ] ┃ ⬥ RHS fired: currentRound: increase round 
[16:15:50 - INFO ] ┃ ⬥ RHS fired: remainingAttacks: reload 
[16:15:50 - INFO ] ┃ ⬒ AGENDA FINISHED: SETUP
[16:15:50 - INFO ] ┃ ⬒ AGENDA FINISHED: CARDS
[16:15:50 - INFO ] ┃ ⬥ RHS fired: core: attack 
[16:15:50 - INFO ] ┃ ⬒ AGENDA FINISHED: BATTLE
[16:15:50 - INFO ] ┃ ⬥ RHS fired: currentRound: increase round 
[16:15:50 - INFO ] ┃ ⬥ RHS fired: remainingAttacks: reload 
[16:15:50 - INFO ] ┃ ⬒ AGENDA FINISHED: SETUP
[16:15:50 - INFO ] ┃ ⬒ AGENDA FINISHED: CARDS
[16:15:50 - INFO ] ┃ ⬥ RHS fired: core: attack 
[16:15:50 - INFO ] ┃ ⬒ AGENDA FINISHED: BATTLE
[16:15:50 - INFO ] ┃ ⬥ RHS fired: currentRound: increase round 
[16:15:50 - INFO ] ┃ ⬥ RHS fired: remainingAttacks: reload 
[16:15:50 - INFO ] ┃ ⬒ AGENDA FINISHED: SETUP
[16:15:50 - INFO ] ┃ ⬒ AGENDA FINISHED: CARDS
[16:15:50 - INFO ] ┃ ⬥ RHS fired: core: attack 
[16:15:50 - INFO ] ┃ ⬒ AGENDA FINISHED: BATTLE
[16:15:50 - INFO ] ┃ ⬥ RHS fired: currentRound: increase round 
[16:15:50 - INFO ] ┃ ⬥ RHS fired: remainingAttacks: reload 
[16:15:50 - INFO ] ┃ ⬒ AGENDA FINISHED: SETUP
[16:15:50 - INFO ] ┃ ⬒ AGENDA FINISHED: CARDS
[16:15:50 - INFO ] ┃ ⬥ RHS fired: core: attack 
[16:15:50 - INFO ] ┃ ⬒ AGENDA FINISHED: BATTLE
[16:15:50 - INFO ] ┃ ⬥ RHS fired: currentRound: increase round 
[16:15:50 - INFO ] ┃ ⬥ RHS fired: remainingAttacks: reload 
[16:15:50 - INFO ] ┃ ⬒ AGENDA FINISHED: SETUP
[16:15:50 - INFO ] ┃ ⬒ AGENDA FINISHED: CARDS
[16:15:50 - INFO ] ┃ ⬥ RHS fired: core: attack 
[16:15:50 - INFO ] ┃ ⬒ AGENDA FINISHED: BATTLE
[16:15:50 - INFO ] ┃ ⬥ RHS fired: currentRound: increase round 
[16:15:50 - INFO ] ┃ ⬥ RHS fired: remainingAttacks: reload 
[16:15:50 - INFO ] ┃ ⬒ AGENDA FINISHED: SETUP
[16:15:50 - INFO ] ┃ ⬒ AGENDA FINISHED: CARDS
[16:15:50 - INFO ] ┃ ⬥ RHS fired: core: attack 
[16:15:50 - INFO ] ┃ ⬒ AGENDA FINISHED: BATTLE
[16:15:50 - INFO ] ┃ ⬥ RHS fired: currentRound: increase round 
[16:15:50 - INFO ] ┃ ⬥ RHS fired: remainingAttacks: reload 
[16:15:50 - INFO ] ┃ ⬒ AGENDA FINISHED: SETUP
[16:15:50 - INFO ] ┃ ⬒ AGENDA FINISHED: CARDS
[16:15:50 - INFO ] ┃ ⬥ RHS fired: core: attack 
[16:15:50 - INFO ] ┃ ⬒ AGENDA FINISHED: BATTLE
[16:15:50 - INFO ] ┃ ⬥ RHS fired: currentRound: increase round 
[16:15:50 - INFO ] ┃ ⬥ RHS fired: remainingAttacks: reload 
[16:15:50 - INFO ] ┃ ⬒ AGENDA FINISHED: SETUP
[16:15:50 - INFO ] ┃ ⬒ AGENDA FINISHED: CARDS
[16:15:50 - INFO ] ┃ ⬥ RHS fired: core: attack 
[16:15:50 - INFO ] ┃ ⬒ AGENDA FINISHED: BATTLE
[16:15:50 - INFO ] ┃ ⬥ RHS fired: currentRound: increase round 
[16:15:50 - INFO ] ┃ ⬥ RHS fired: remainingAttacks: reload 
[16:15:50 - INFO ] ┃ ⬒ AGENDA FINISHED: SETUP
[16:15:50 - INFO ] ┃ ⬒ AGENDA FINISHED: CARDS
[16:15:50 - INFO ] ┃ ⬥ RHS fired: core: attack 
[16:15:50 - INFO ] ┃ ⬒ AGENDA FINISHED: BATTLE
[16:15:50 - INFO ] ┃ ⬥ RHS fired: currentRound: increase round 
[16:15:50 - INFO ] ┃ ⬥ RHS fired: remainingAttacks: reload 
[16:15:50 - INFO ] ┃ ⬒ AGENDA FINISHED: SETUP
[16:15:50 - INFO ] ┃ ⬒ AGENDA FINISHED: CARDS
[16:15:50 - INFO ] ┃ ⬥ RHS fired: core: attack 
[16:15:50 - INFO ] ┃ ⬒ AGENDA FINISHED: BATTLE
[16:15:50 - INFO ] ┃ ⬥ RHS fired: currentRound: increase round 
[16:15:50 - INFO ] ┃ ⬥ RHS fired: remainingAttacks: reload 
[16:15:50 - INFO ] ┃ ⬒ AGENDA FINISHED: SETUP
[16:15:50 - INFO ] ┃ ⬒ AGENDA FINISHED: CARDS
[16:15:50 - INFO ] ┃ ⬥ RHS fired: core: attack 
[16:15:50 - INFO ] ┃ ⬒ AGENDA FINISHED: BATTLE
[16:15:50 - INFO ] ┃ ⬥ RHS fired: currentRound: increase round 
[16:15:50 - INFO ] ┃ ⬥ RHS fired: remainingAttacks: reload 
[16:15:50 - INFO ] ┃ ⬒ AGENDA FINISHED: SETUP
[16:15:50 - INFO ] ┃ ⬒ AGENDA FINISHED: CARDS
[16:15:50 - INFO ] ┃ ⬥ RHS fired: core: attack 
[16:15:50 - INFO ] ┃ ⬒ AGENDA FINISHED: BATTLE
[16:15:50 - INFO ] ┃ ⬥ RHS fired: currentRound: increase round 
[16:15:50 - INFO ] ┃ ⬥ RHS fired: remainingAttacks: reload 
[16:15:50 - INFO ] ┃ ⬒ AGENDA FINISHED: SETUP
[16:15:50 - INFO ] ┃ ⬒ AGENDA FINISHED: CARDS
[16:15:50 - INFO ] ┃ ⬥ RHS fired: core: attack 
[16:15:50 - INFO ] ┃ ⬒ AGENDA FINISHED: BATTLE
[16:15:50 - INFO ] ┃ ⬥ RHS fired: currentRound: increase round 
[16:15:50 - INFO ] ┃ ⬥ RHS fired: remainingAttacks: reload 
[16:15:50 - INFO ] ┃ ⬒ AGENDA FINISHED: SETUP
[16:15:50 - INFO ] ┃ ⬒ AGENDA FINISHED: CARDS
[16:15:50 - INFO ] ┃ ⬥ RHS fired: core: attack 
[16:15:50 - INFO ] ┃ ⬒ AGENDA FINISHED: BATTLE
[16:15:50 - INFO ] ┃ ⬥ RHS fired: currentRound: increase round 
[16:15:50 - INFO ] ┃ ⬥ RHS fired: remainingAttacks: reload 
[16:15:50 - INFO ] ┃ ⬒ AGENDA FINISHED: SETUP
[16:15:50 - INFO ] ┃ ⬒ AGENDA FINISHED: CARDS
[16:15:50 - INFO ] ┃ ⬥ RHS fired: core: attack 
[16:15:50 - INFO ] ┃ ⬒ AGENDA FINISHED: BATTLE
[16:15:50 - INFO ] ┃ ⬥ RHS fired: currentRound: increase round 
[16:15:50 - INFO ] ┃ ⬥ RHS fired: remainingAttacks: reload 
[16:15:50 - INFO ] ┃ ⬒ AGENDA FINISHED: SETUP
[16:15:50 - INFO ] ┃ ⬒ AGENDA FINISHED: CARDS
[16:15:50 - INFO ] ┃ ⬥ RHS fired: core: attack 
[16:15:50 - INFO ] ┃ ⬥ RHS fired: currentLife: min value 
[16:15:50 - INFO ] ┃ ⬥ RHS fired: core: player defeats another 
[16:15:50 - INFO ] ┃ ⬒ AGENDA FINISHED: BATTLE
[16:15:50 - INFO ] ┃ ⬥ RHS fired: currentRound: increase round 
[16:15:50 - INFO ] ┃ ⬥ RHS fired: remainingAttacks: reload 
[16:15:50 - INFO ] ┃ ⬒ AGENDA FINISHED: SETUP
[16:15:50 - INFO ] ┃ ⬒ AGENDA FINISHED: CARDS
[16:15:50 - INFO ] ┃ ⬥ RHS fired: core: attack 
[16:15:50 - INFO ] ┃ ⬒ AGENDA FINISHED: BATTLE
[16:15:50 - INFO ] ┃ ⬥ RHS fired: currentRound: increase round 
[16:15:50 - INFO ] ┃ ⬥ RHS fired: remainingAttacks: reload 
[16:15:50 - INFO ] ┃ ⬒ AGENDA FINISHED: SETUP
[16:15:50 - INFO ] ┃ ⬒ AGENDA FINISHED: CARDS
[16:15:50 - INFO ] ┃ ⬥ RHS fired: core: attack 
[16:15:50 - INFO ] ┃ ⬒ AGENDA FINISHED: BATTLE
[16:15:50 - INFO ] ┃ ⬥ RHS fired: currentRound: increase round 
[16:15:50 - INFO ] ┃ ⬥ RHS fired: remainingAttacks: reload 
[16:15:50 - INFO ] ┃ ⬒ AGENDA FINISHED: SETUP
[16:15:50 - INFO ] ┃ ⬒ AGENDA FINISHED: CARDS
[16:15:50 - INFO ] ┃ ⬥ RHS fired: core: attack 
[16:15:50 - INFO ] ┃ ⬒ AGENDA FINISHED: BATTLE
[16:15:50 - INFO ] ┃ ⬥ RHS fired: currentRound: increase round 
[16:15:50 - INFO ] ┃ ⬥ RHS fired: remainingAttacks: reload 
[16:15:50 - INFO ] ┃ ⬒ AGENDA FINISHED: SETUP
[16:15:50 - INFO ] ┃ ⬒ AGENDA FINISHED: CARDS
[16:15:50 - INFO ] ┃ ⬥ RHS fired: core: attack 
[16:15:50 - INFO ] ┃ ⬒ AGENDA FINISHED: BATTLE
[16:15:50 - INFO ] ┃ ⬥ RHS fired: currentRound: increase round 
[16:15:50 - INFO ] ┃ ⬥ RHS fired: remainingAttacks: reload 
[16:15:50 - INFO ] ┃ ⬒ AGENDA FINISHED: SETUP
[16:15:50 - INFO ] ┃ ⬒ AGENDA FINISHED: CARDS
[16:15:50 - INFO ] ┃ ⬥ RHS fired: core: attack 
[16:15:50 - INFO ] ┃ ⬒ AGENDA FINISHED: BATTLE
[16:15:50 - INFO ] ┃ ⬥ RHS fired: currentRound: increase round 
[16:15:50 - INFO ] ┃ ⬥ RHS fired: remainingAttacks: reload 
[16:15:50 - INFO ] ┃ ⬒ AGENDA FINISHED: SETUP
[16:15:50 - INFO ] ┃ ⬒ AGENDA FINISHED: CARDS
[16:15:50 - INFO ] ┃ ⬥ RHS fired: core: attack 
[16:15:50 - INFO ] ┃ ⬒ AGENDA FINISHED: BATTLE
[16:15:50 - INFO ] ┃ ⬥ RHS fired: currentRound: increase round 
[16:15:50 - INFO ] ┃ ⬥ RHS fired: remainingAttacks: reload 
[16:15:50 - INFO ] ┃ ⬒ AGENDA FINISHED: SETUP
[16:15:50 - INFO ] ┃ ⬒ AGENDA FINISHED: CARDS
[16:15:50 - INFO ] ┃ ⬥ RHS fired: core: attack 
[16:15:50 - INFO ] ┃ ⬒ AGENDA FINISHED: BATTLE
[16:15:50 - INFO ] ┃ ⬥ RHS fired: currentRound: increase round 
[16:15:50 - INFO ] ┃ ⬥ RHS fired: remainingAttacks: reload 
[16:15:50 - INFO ] ┃ ⬒ AGENDA FINISHED: SETUP
[16:15:50 - INFO ] ┃ ⬒ AGENDA FINISHED: CARDS
[16:15:50 - INFO ] ┃ ⬥ RHS fired: core: attack 
[16:15:50 - INFO ] ┃ ⬒ AGENDA FINISHED: BATTLE
[16:15:50 - INFO ] ┃ ⬥ RHS fired: currentRound: increase round 
[16:15:50 - INFO ] ┃ ⬥ RHS fired: remainingAttacks: reload 
[16:15:50 - INFO ] ┃ ⬒ AGENDA FINISHED: SETUP
[16:15:50 - INFO ] ┃ ⬒ AGENDA FINISHED: CARDS
[16:15:50 - INFO ] ┃ ⬥ RHS fired: core: attack 
[16:15:50 - INFO ] ┃ ⬥ RHS fired: currentLife: min value 
[16:15:50 - INFO ] ┃ ⬥ RHS fired: core: player defeats another 
[16:15:50 - INFO ] ┃ ⬒ AGENDA FINISHED: BATTLE
[16:15:50 - INFO ] ┃ ⬥ RHS fired: currentRound: increase round 
[16:15:50 - INFO ] ┃ ⬥ RHS fired: remainingAttacks: reload 
[16:15:50 - INFO ] ┃ ⬒ AGENDA FINISHED: SETUP
[16:15:50 - INFO ] ┃ ⬒ AGENDA FINISHED: CARDS
[16:15:50 - INFO ] ┃ ⬥ RHS fired: core: attack 
[16:15:50 - INFO ] ┃ ⬥ RHS fired: currentLife: min value 
[16:15:50 - INFO ] ┃ ⬥ RHS fired: core: player defeats another 
[16:15:50 - INFO ] ┃ ⬒ AGENDA FINISHED: BATTLE
]]></system-out>
  <system-err><![CDATA[]]></system-err>
</testsuite>
