<?xml version="1.0" encoding="UTF-8"?>
<testsuite name="com.terahorse.fobit.controller.pages.CustomErrorControllerSpec" tests="1" skipped="0" failures="0" errors="0" timestamp="2020-01-05T19:15:46" hostname="g5" time="0.471">
  <properties/>
  <testcase name="$spock_feature_1_0" classname="com.terahorse.fobit.controller.pages.CustomErrorControllerSpec" time="0.471"/>
  <system-out><![CDATA[16:15:43.432 [Test worker] DEBUG org.springframework.test.context.junit4.SpringJUnit4ClassRunner - SpringJUnit4ClassRunner constructor called with [class com.terahorse.fobit.controller.pages.CustomErrorControllerSpec]
16:15:43.446 [Test worker] DEBUG org.springframework.test.context.BootstrapUtils - Instantiating CacheAwareContextLoaderDelegate from class [org.springframework.test.context.cache.DefaultCacheAwareContextLoaderDelegate]
16:15:43.461 [Test worker] DEBUG org.springframework.test.context.BootstrapUtils - Instantiating BootstrapContext using constructor [public org.springframework.test.context.support.DefaultBootstrapContext(java.lang.Class,org.springframework.test.context.CacheAwareContextLoaderDelegate)]
16:15:43.489 [Test worker] DEBUG org.springframework.test.context.BootstrapUtils - Instantiating TestContextBootstrapper for test class [com.terahorse.fobit.controller.pages.CustomErrorControllerSpec] from class [org.springframework.boot.test.context.SpringBootTestContextBootstrapper]
16:15:43.504 [Test worker] INFO org.springframework.boot.test.context.SpringBootTestContextBootstrapper - Neither @ContextConfiguration nor @ContextHierarchy found for test class [com.terahorse.fobit.controller.pages.CustomErrorControllerSpec], using SpringBootContextLoader
16:15:43.508 [Test worker] DEBUG org.springframework.test.context.support.AbstractContextLoader - Did not detect default resource location for test class [com.terahorse.fobit.controller.pages.CustomErrorControllerSpec]: class path resource [com/terahorse/fobit/controller/pages/CustomErrorControllerSpec-context.xml] does not exist
16:15:43.509 [Test worker] DEBUG org.springframework.test.context.support.AbstractContextLoader - Did not detect default resource location for test class [com.terahorse.fobit.controller.pages.CustomErrorControllerSpec]: class path resource [com/terahorse/fobit/controller/pages/CustomErrorControllerSpecContext.groovy] does not exist
16:15:43.509 [Test worker] INFO org.springframework.test.context.support.AbstractContextLoader - Could not detect default resource locations for test class [com.terahorse.fobit.controller.pages.CustomErrorControllerSpec]: no resource found for suffixes {-context.xml, Context.groovy}.
16:15:43.557 [Test worker] DEBUG org.springframework.test.context.support.ActiveProfilesUtils - Could not find an 'annotation declaring class' for annotation type [org.springframework.test.context.ActiveProfiles] and class [com.terahorse.fobit.controller.pages.CustomErrorControllerSpec]
16:15:43.701 [Test worker] DEBUG org.springframework.boot.test.context.SpringBootTestContextBootstrapper - @TestExecutionListeners is not present for class [com.terahorse.fobit.controller.pages.CustomErrorControllerSpec]: using defaults.
16:15:43.702 [Test worker] INFO org.springframework.boot.test.context.SpringBootTestContextBootstrapper - Loaded default TestExecutionListener class names from location [META-INF/spring.factories]: [org.springframework.boot.test.autoconfigure.restdocs.RestDocsTestExecutionListener, org.springframework.boot.test.autoconfigure.web.client.MockRestServiceServerResetTestExecutionListener, org.springframework.boot.test.autoconfigure.web.servlet.MockMvcPrintOnlyOnFailureTestExecutionListener, org.springframework.boot.test.autoconfigure.web.servlet.WebDriverTestExecutionListener, org.springframework.boot.test.mock.mockito.MockitoTestExecutionListener, org.springframework.boot.test.mock.mockito.ResetMocksTestExecutionListener, org.springframework.test.context.web.ServletTestExecutionListener, org.springframework.test.context.support.DirtiesContextBeforeModesTestExecutionListener, org.springframework.test.context.support.DependencyInjectionTestExecutionListener, org.springframework.test.context.support.DirtiesContextTestExecutionListener, org.springframework.test.context.transaction.TransactionalTestExecutionListener, org.springframework.test.context.jdbc.SqlScriptsTestExecutionListener]
16:15:43.720 [Test worker] DEBUG org.springframework.boot.test.context.SpringBootTestContextBootstrapper - Skipping candidate TestExecutionListener [org.springframework.test.context.transaction.TransactionalTestExecutionListener] due to a missing dependency. Specify custom listener classes or make the default listener classes and their required dependencies available. Offending class: [org/springframework/transaction/TransactionDefinition]
16:15:43.721 [Test worker] DEBUG org.springframework.boot.test.context.SpringBootTestContextBootstrapper - Skipping candidate TestExecutionListener [org.springframework.test.context.jdbc.SqlScriptsTestExecutionListener] due to a missing dependency. Specify custom listener classes or make the default listener classes and their required dependencies available. Offending class: [org/springframework/transaction/interceptor/TransactionAttribute]
16:15:43.721 [Test worker] INFO org.springframework.boot.test.context.SpringBootTestContextBootstrapper - Using TestExecutionListeners: [org.springframework.test.context.web.ServletTestExecutionListener@16f34dd1, org.springframework.test.context.support.DirtiesContextBeforeModesTestExecutionListener@2128c3e2, org.springframework.boot.test.mock.mockito.MockitoTestExecutionListener@2cfaef1c, org.springframework.boot.test.autoconfigure.SpringBootDependencyInjectionTestExecutionListener@cb76718, org.springframework.test.context.support.DirtiesContextTestExecutionListener@a63e9a, org.springframework.boot.test.autoconfigure.restdocs.RestDocsTestExecutionListener@6776cabf, org.springframework.boot.test.autoconfigure.web.client.MockRestServiceServerResetTestExecutionListener@1c0f4b42, org.springframework.boot.test.autoconfigure.web.servlet.MockMvcPrintOnlyOnFailureTestExecutionListener@2b37707c, org.springframework.boot.test.autoconfigure.web.servlet.WebDriverTestExecutionListener@1ad4c96e, org.springframework.boot.test.mock.mockito.ResetMocksTestExecutionListener@4b26cbb9]
16:15:43.724 [Test worker] DEBUG org.springframework.test.annotation.ProfileValueUtils - Retrieved @ProfileValueSourceConfiguration [null] for test class [com.terahorse.fobit.controller.pages.CustomErrorControllerSpec]
16:15:43.724 [Test worker] DEBUG org.springframework.test.annotation.ProfileValueUtils - Retrieved ProfileValueSource type [class org.springframework.test.annotation.SystemProfileValueSource] for class [com.terahorse.fobit.controller.pages.CustomErrorControllerSpec]
16:15:43.725 [Test worker] DEBUG org.springframework.test.annotation.ProfileValueUtils - Retrieved @ProfileValueSourceConfiguration [null] for test class [com.terahorse.fobit.controller.pages.CustomErrorControllerSpec]
16:15:43.725 [Test worker] DEBUG org.springframework.test.annotation.ProfileValueUtils - Retrieved ProfileValueSource type [class org.springframework.test.annotation.SystemProfileValueSource] for class [com.terahorse.fobit.controller.pages.CustomErrorControllerSpec]
16:15:43.731 [Test worker] DEBUG org.springframework.test.context.support.AbstractDirtiesContextTestExecutionListener - Before test class: context [DefaultTestContext@1672f31a testClass = CustomErrorControllerSpec, testInstance = [null], testMethod = [null], testException = [null], mergedContextConfiguration = [WebMergedContextConfiguration@588bc5e4 testClass = CustomErrorControllerSpec, locations = '{}', classes = '{class com.terahorse.fobit.Application, class com.terahorse.fobit.Application}', contextInitializerClasses = '[]', activeProfiles = '{}', propertySourceLocations = '{}', propertySourceProperties = '{org.springframework.boot.test.context.SpringBootTestContextBootstrapper=true, server.port=0}', contextCustomizers = set[org.springframework.boot.test.autoconfigure.properties.PropertyMappingContextCustomizer@0, org.springframework.boot.test.autoconfigure.web.servlet.WebDriverContextCustomizerFactory$Customizer@51341cb, org.springframework.boot.test.context.filter.ExcludeFilterContextCustomizer@7c09f999, org.springframework.boot.test.json.DuplicateJsonObjectContextCustomizerFactory$DuplicateJsonObjectContextCustomizer@1f24f756, org.springframework.boot.test.mock.mockito.MockitoContextCustomizer@0, org.springframework.boot.test.web.client.TestRestTemplateContextCustomizer@3d3cd8de], resourceBasePath = 'src/main/webapp', contextLoader = 'org.springframework.boot.test.context.SpringBootContextLoader', parent = [null]], attributes = map['org.springframework.test.context.web.ServletTestExecutionListener.activateListener' -> false]], class annotated with @DirtiesContext [false] with mode [null].
16:15:43.732 [Test worker] DEBUG org.springframework.test.annotation.ProfileValueUtils - Retrieved @ProfileValueSourceConfiguration [null] for test class [com.terahorse.fobit.controller.pages.CustomErrorControllerSpec]
16:15:43.733 [Test worker] DEBUG org.springframework.test.annotation.ProfileValueUtils - Retrieved ProfileValueSource type [class org.springframework.test.annotation.SystemProfileValueSource] for class [com.terahorse.fobit.controller.pages.CustomErrorControllerSpec]
16:15:43.963 [Test worker] DEBUG org.springframework.test.context.support.DependencyInjectionTestExecutionListener - Performing dependency injection for test context [[DefaultTestContext@1672f31a testClass = CustomErrorControllerSpec, testInstance = com.terahorse.fobit.controller.pages.CustomErrorControllerSpec@4a1fd050, testMethod = [null], testException = [null], mergedContextConfiguration = [WebMergedContextConfiguration@588bc5e4 testClass = CustomErrorControllerSpec, locations = '{}', classes = '{class com.terahorse.fobit.Application, class com.terahorse.fobit.Application}', contextInitializerClasses = '[]', activeProfiles = '{}', propertySourceLocations = '{}', propertySourceProperties = '{org.springframework.boot.test.context.SpringBootTestContextBootstrapper=true, server.port=0}', contextCustomizers = set[org.springframework.boot.test.autoconfigure.properties.PropertyMappingContextCustomizer@0, org.springframework.boot.test.autoconfigure.web.servlet.WebDriverContextCustomizerFactory$Customizer@51341cb, org.springframework.boot.test.context.filter.ExcludeFilterContextCustomizer@7c09f999, org.springframework.boot.test.json.DuplicateJsonObjectContextCustomizerFactory$DuplicateJsonObjectContextCustomizer@1f24f756, org.springframework.boot.test.mock.mockito.MockitoContextCustomizer@0, org.springframework.boot.test.web.client.TestRestTemplateContextCustomizer@3d3cd8de], resourceBasePath = 'src/main/webapp', contextLoader = 'org.springframework.boot.test.context.SpringBootContextLoader', parent = [null]], attributes = map['org.springframework.test.context.web.ServletTestExecutionListener.activateListener' -> false]]].
16:15:43.989 [Test worker] DEBUG org.springframework.core.env.StandardEnvironment - Adding PropertySource 'systemProperties' with lowest search precedence
16:15:43.989 [Test worker] DEBUG org.springframework.core.env.StandardEnvironment - Adding PropertySource 'systemEnvironment' with lowest search precedence
16:15:43.990 [Test worker] DEBUG org.springframework.core.env.StandardEnvironment - Initialized StandardEnvironment with PropertySources [MapPropertySource@1137262242 {name='systemProperties', properties={java.runtime.name=OpenJDK Runtime Environment, sun.boot.library.path=/home/topera/.sdkman/candidates/java/8.0.232-zulu/jre/lib/amd64, java.vm.version=25.232-b18, java.vm.vendor=Azul Systems, Inc., java.vendor.url=http://www.azulsystems.com/, path.separator=:, java.vm.name=OpenJDK 64-Bit Server VM, file.encoding.pkg=sun.io, sun.java.launcher=SUN_STANDARD, user.country=US, sun.os.patch.level=unknown, java.vm.specification.name=Java Virtual Machine Specification, user.dir=/git/fobit, java.runtime.version=1.8.0_232-b18, java.awt.graphicsenv=sun.awt.X11GraphicsEnvironment, java.endorsed.dirs=/home/topera/.sdkman/candidates/java/8.0.232-zulu/jre/lib/endorsed, os.arch=amd64, java.io.tmpdir=/tmp, line.separator=
, java.vm.specification.vendor=Oracle Corporation, user.variant=, os.name=Linux, sun.jnu.encoding=UTF-8, java.library.path=/usr/java/packages/lib/amd64:/usr/lib64:/lib64:/lib:/usr/lib, java.specification.name=Java Platform API Specification, java.class.version=52.0, org.gradle.native=false, sun.management.compiler=HotSpot 64-Bit Tiered Compilers, os.version=5.0.0-37-generic, user.home=/home/topera, user.timezone=America/Sao_Paulo, java.awt.printerjob=sun.print.PSPrinterJob, file.encoding=UTF-8, java.specification.version=1.8, java.class.path=/git/fobit/build/classes/java/test:/git/fobit/build/classes/groovy/test:/git/fobit/build/resources/test:/git/fobit/build/classes/java/main:/git/fobit/build/classes/groovy/main:/git/fobit/build/resources/main:/home/topera/.gradle/caches/modules-2/files-2.1/org.apache.commons/commons-csv/1.5/e10f140af5b82167640f254fa9d88e35ad74329c/commons-csv-1.5.jar:/home/topera/.gradle/caches/modules-2/files-2.1/org.springframework.boot/spring-boot-starter-web/2.0.3.RELEASE/41fd4180bea3813de8f3c602b5a126218360315b/spring-boot-starter-web-2.0.3.RELEASE.jar:/home/topera/.gradle/caches/modules-2/files-2.1/org.springframework.boot/spring-boot-starter-thymeleaf/2.0.3.RELEASE/7a8cf11f5b7faa244e1979df491811bc0c858743/spring-boot-starter-thymeleaf-2.0.3.RELEASE.jar:/home/topera/.gradle/caches/modules-2/files-2.1/org.drools/drools-compiler/7.7.0.Final/f3387986dfe8c487c57900e42540ff0926f75b7d/drools-compiler-7.7.0.Final.jar:/home/topera/.gradle/caches/modules-2/files-2.1/org.spockframework/spock-core/1.1-groovy-2.4/1c42014d4a18995d5d4aa10a4e060e88f60fdf78/spock-core-1.1-groovy-2.4.jar:/home/topera/.gradle/caches/modules-2/files-2.1/org.codehaus.groovy/groovy-all/2.4.12/760afc568cbd94c09d78f801ce51aed1326710af/groovy-all-2.4.12.jar:/home/topera/.gradle/caches/modules-2/files-2.1/org.springframework.boot/spring-boot-starter-test/2.0.3.RELEASE/1c624b1cc217bac010abce7a28df8169af4a7fa0/spring-boot-starter-test-2.0.3.RELEASE.jar:/home/topera/.gradle/caches/modules-2/files-2.1/commons-io/commons-io/1.3.2/b6dde38349ba9bb5e6ea6320531eae969985dae5/commons-io-1.3.2.jar:/home/topera/.gradle/caches/modules-2/files-2.1/org.springframework.boot/spring-boot-starter-json/2.0.3.RELEASE/2e389a8727588c549c28bb277f0f573f65554850/spring-boot-starter-json-2.0.3.RELEASE.jar:/home/topera/.gradle/caches/modules-2/files-2.1/org.springframework.boot/spring-boot-starter/2.0.3.RELEASE/ffaa050dbd36b0441645598f1a7ddaf67fd5e678/spring-boot-starter-2.0.3.RELEASE.jar:/home/topera/.gradle/caches/modules-2/files-2.1/org.springframework.boot/spring-boot-starter-tomcat/2.0.3.RELEASE/25a51a75bfb997b7b95d6760178ee3303863ec4b/spring-boot-starter-tomcat-2.0.3.RELEASE.jar:/home/topera/.gradle/caches/modules-2/files-2.1/org.hibernate.validator/hibernate-validator/6.0.10.Final/4236051a8d209c00f85e70918d5e26d9f3e5201e/hibernate-validator-6.0.10.Final.jar:/home/topera/.gradle/caches/modules-2/files-2.1/org.springframework/spring-webmvc/5.0.7.RELEASE/751c871527ec7ff335ffc76f2e737e297c0a8d30/spring-webmvc-5.0.7.RELEASE.jar:/home/topera/.gradle/caches/modules-2/files-2.1/org.springframework/spring-web/5.0.7.RELEASE/2e04c6c2922fbfa06b5948be14a5782db168b6ec/spring-web-5.0.7.RELEASE.jar:/home/topera/.gradle/caches/modules-2/files-2.1/org.thymeleaf/thymeleaf-spring5/3.0.9.RELEASE/abf84efd83808a70d982d2790f7f3a7bd3a39cf4/thymeleaf-spring5-3.0.9.RELEASE.jar:/home/topera/.gradle/caches/modules-2/files-2.1/org.thymeleaf.extras/thymeleaf-extras-java8time/3.0.1.RELEASE/d23760d1e53cd70c489ef40dc94ee6bd2371cceb/thymeleaf-extras-java8time-3.0.1.RELEASE.jar:/home/topera/.gradle/caches/modules-2/files-2.1/org.drools/drools-core/7.7.0.Final/cc45a9a02b07fa02a7338007e226841f26d5fe6f/drools-core-7.7.0.Final.jar:/home/topera/.gradle/caches/modules-2/files-2.1/org.kie/kie-internal/7.7.0.Final/3fd0450bc4145b24b9383c070b47e95801811bcc/kie-internal-7.7.0.Final.jar:/home/topera/.gradle/caches/modules-2/files-2.1/org.kie/kie-api/7.7.0.Final/f9311ffa28ead1322c744deeb0d5437549bd217c/kie-api-7.7.0.Final.jar:/home/topera/.gradle/caches/modules-2/files-2.1/org.kie.soup/kie-soup-maven-support/7.7.0.Final/ee5c1b591623f999616a14d4d568580d2bb26bc1/kie-soup-maven-support-7.7.0.Final.jar:/home/topera/.gradle/caches/modules-2/files-2.1/org.kie.soup/kie-soup-project-datamodel-commons/7.7.0.Final/5c1bb050624deebde1a61e6b5cb35b2e2a9dcdca/kie-soup-project-datamodel-commons-7.7.0.Final.jar:/home/topera/.gradle/caches/modules-2/files-2.1/org.kie.soup/kie-soup-project-datamodel-api/7.7.0.Final/f9f56afa4a73e548a1a37498a03e6d20defaec87/kie-soup-project-datamodel-api-7.7.0.Final.jar:/home/topera/.gradle/caches/modules-2/files-2.1/org.kie.soup/kie-soup-commons/7.7.0.Final/ae18ebe0c51b507a59d20010ea5b00040b3c834f/kie-soup-commons-7.7.0.Final.jar:/home/topera/.gradle/caches/modules-2/files-2.1/org.antlr/antlr-runtime/3.5.2/cd9cd41361c155f3af0f653009dcecb08d8b4afd/antlr-runtime-3.5.2.jar:/home/topera/.gradle/caches/modules-2/files-2.1/org.eclipse.jdt.core.compiler/ecj/4.4.2/71d67f5bab9465ec844596ef844f40902ae25392/ecj-4.4.2.jar:/home/topera/.gradle/caches/modules-2/files-2.1/org.mvel/mvel2/2.4.0.Final/f2d40ab749365aacb1f2d038e2e69fd34648350c/mvel2-2.4.0.Final.jar:/home/topera/.gradle/caches/modules-2/files-2.1/com.thoughtworks.xstream/xstream/1.4.10/dfecae23647abc9d9fd0416629a4213a3882b101/xstream-1.4.10.jar:/home/topera/.gradle/caches/modules-2/files-2.1/com.google.protobuf/protobuf-java/2.6.0/88ba32feefe385d5dc284b71f649201eabd15778/protobuf-java-2.6.0.jar:/home/topera/.gradle/caches/modules-2/files-2.1/com.jayway.jsonpath/json-path/2.4.0/765a4401ceb2dc8d40553c2075eb80a8fa35c2ae/json-path-2.4.0.jar:/home/topera/.gradle/caches/modules-2/files-2.1/org.thymeleaf/thymeleaf/3.0.9.RELEASE/64185cca50ac808ad034841c84b4013f955465d2/thymeleaf-3.0.9.RELEASE.jar:/home/topera/.gradle/caches/modules-2/files-2.1/org.springframework.boot/spring-boot-starter-logging/2.0.3.RELEASE/7caad34f01d2688919e15e09a90467963e3d5190/spring-boot-starter-logging-2.0.3.RELEASE.jar:/home/topera/.gradle/caches/modules-2/files-2.1/ch.qos.logback/logback-classic/1.2.3/7c4f3c474fb2c041d8028740440937705ebb473a/logback-classic-1.2.3.jar:/home/topera/.gradle/caches/modules-2/files-2.1/org.apache.logging.log4j/log4j-to-slf4j/2.10.0/f7e631ccf49cfc0aefa4a2a728da7d374c05bd3c/log4j-to-slf4j-2.10.0.jar:/home/topera/.gradle/caches/modules-2/files-2.1/org.slf4j/jul-to-slf4j/1.7.25/af5364cd6679bfffb114f0dec8a157aaa283b76/jul-to-slf4j-1.7.25.jar:/home/topera/.gradle/caches/modules-2/files-2.1/org.slf4j/slf4j-api/1.7.25/da76ca59f6a57ee3102f8f9bd9cee742973efa8a/slf4j-api-1.7.25.jar:/home/topera/.gradle/caches/modules-2/files-2.1/junit/junit/4.12/2973d150c0dc1fefe998f834810d68f278ea58ec/junit-4.12.jar:/home/topera/.gradle/caches/modules-2/files-2.1/org.springframework.boot/spring-boot-test-autoconfigure/2.0.3.RELEASE/54e7d2167f2b926bf16a0ef8b91b6bfbd43826e7/spring-boot-test-autoconfigure-2.0.3.RELEASE.jar:/home/topera/.gradle/caches/modules-2/files-2.1/org.springframework.boot/spring-boot-test/2.0.3.RELEASE/5c9b4bb6cfce9ef6e53a0ff5fc4a7ff2867871d8/spring-boot-test-2.0.3.RELEASE.jar:/home/topera/.gradle/caches/modules-2/files-2.1/org.assertj/assertj-core/3.9.1/c5ce126b15f28d56cd8f960c1a6a058b9c9aea87/assertj-core-3.9.1.jar:/home/topera/.gradle/caches/modules-2/files-2.1/org.mockito/mockito-core/2.15.0/b84bfbbc29cd22c9529409627af6ea2897f4fa85/mockito-core-2.15.0.jar:/home/topera/.gradle/caches/modules-2/files-2.1/org.hamcrest/hamcrest-library/1.3/4785a3c21320980282f9f33d0d1264a69040538f/hamcrest-library-1.3.jar:/home/topera/.gradle/caches/modules-2/files-2.1/org.hamcrest/hamcrest-core/1.3/42a25dc3219429f0e5d060061f71acb49bf010a0/hamcrest-core-1.3.jar:/home/topera/.gradle/caches/modules-2/files-2.1/org.skyscreamer/jsonassert/1.5.0/6c9d5fe2f59da598d9aefc1cfc6528ff3cf32df3/jsonassert-1.5.0.jar:/home/topera/.gradle/caches/modules-2/files-2.1/org.springframework/spring-test/5.0.7.RELEASE/bcb7505a316ea34b7e9a7ae5d4921be5b475c02d/spring-test-5.0.7.RELEASE.jar:/home/topera/.gradle/caches/modules-2/files-2.1/org.springframework.boot/spring-boot-autoconfigure/2.0.3.RELEASE/11bc4cc96b08fabad2b3186755818fa0b32d83f/spring-boot-autoconfigure-2.0.3.RELEASE.jar:/home/topera/.gradle/caches/modules-2/files-2.1/org.springframework.boot/spring-boot/2.0.3.RELEASE/b874870d915adbc3dd932e19077d3d45c8e54aa0/spring-boot-2.0.3.RELEASE.jar:/home/topera/.gradle/caches/modules-2/files-2.1/org.springframework/spring-context/5.0.7.RELEASE/243a23f8968de8754d8199d669780d683ab177bd/spring-context-5.0.7.RELEASE.jar:/home/topera/.gradle/caches/modules-2/files-2.1/org.springframework/spring-aop/5.0.7.RELEASE/fdd0b6aa3c9c7a188c3bfbf6dfd8d40e843be9ef/spring-aop-5.0.7.RELEASE.jar:/home/topera/.gradle/caches/modules-2/files-2.1/org.springframework/spring-beans/5.0.7.RELEASE/c1196cb3e56da83e3c3a02ef323699f4b05feedc/spring-beans-5.0.7.RELEASE.jar:/home/topera/.gradle/caches/modules-2/files-2.1/org.springframework/spring-expression/5.0.7.RELEASE/ca01fb473f53dd0ee3c85663b26d5dc325602057/spring-expression-5.0.7.RELEASE.jar:/home/topera/.gradle/caches/modules-2/files-2.1/org.springframework/spring-core/5.0.7.RELEASE/54b731178d81e66eca9623df772ff32718208137/spring-core-5.0.7.RELEASE.jar:/home/topera/.gradle/caches/modules-2/files-2.1/org.xmlunit/xmlunit-core/2.5.1/4ffdb346572a7356f7521cd3119ce5287d2e339d/xmlunit-core-2.5.1.jar:/home/topera/.gradle/caches/modules-2/files-2.1/javax.annotation/javax.annotation-api/1.3.2/934c04d3cfef185a8008e7bf34331b79730a9d43/javax.annotation-api-1.3.2.jar:/home/topera/.gradle/caches/modules-2/files-2.1/org.yaml/snakeyaml/1.19/2d998d3d674b172a588e54ab619854d073f555b5/snakeyaml-1.19.jar:/home/topera/.gradle/caches/modules-2/files-2.1/com.fasterxml.jackson.datatype/jackson-datatype-jdk8/2.9.6/456895fc91bf7180b216fead220373e6278230c9/jackson-datatype-jdk8-2.9.6.jar:/home/topera/.gradle/caches/modules-2/files-2.1/com.fasterxml.jackson.datatype/jackson-datatype-jsr310/2.9.6/ea54f6193d224e5e5732bbd4262327eb465397c2/jackson-datatype-jsr310-2.9.6.jar:/home/topera/.gradle/caches/modules-2/files-2.1/com.fasterxml.jackson.module/jackson-module-parameter-names/2.9.6/129acd77a4b6ee30d62d3a0899b1344c8ec2bff8/jackson-module-parameter-names-2.9.6.jar:/home/topera/.gradle/caches/modules-2/files-2.1/com.fasterxml.jackson.core/jackson-databind/2.9.6/cfa4f316351a91bfd95cb0644c6a2c95f52db1fc/jackson-databind-2.9.6.jar:/home/topera/.gradle/caches/modules-2/files-2.1/org.apache.tomcat.embed/tomcat-embed-websocket/8.5.31/6564e716b89de5eaa0dd234ae7989576503ddf3/tomcat-embed-websocket-8.5.31.jar:/home/topera/.gradle/caches/modules-2/files-2.1/org.apache.tomcat.embed/tomcat-embed-core/8.5.31/f5adf7ed8c34aa005b22b6a2dc7b6796e10e9c79/tomcat-embed-core-8.5.31.jar:/home/topera/.gradle/caches/modules-2/files-2.1/org.apache.tomcat.embed/tomcat-embed-el/8.5.31/3a536e1ac71b82627c3a7408eb38fa0704cb9034/tomcat-embed-el-8.5.31.jar:/home/topera/.gradle/caches/modules-2/files-2.1/javax.validation/validation-api/2.0.1.Final/cb855558e6271b1b32e716d24cb85c7f583ce09e/validation-api-2.0.1.Final.jar:/home/topera/.gradle/caches/modules-2/files-2.1/org.jboss.logging/jboss-logging/3.3.2.Final/3789d00e859632e6c6206adc0c71625559e6e3b0/jboss-logging-3.3.2.Final.jar:/home/topera/.gradle/caches/modules-2/files-2.1/com.fasterxml/classmate/1.3.4/3d5f48f10bbe4eb7bd862f10c0583be2e0053c6/classmate-1.3.4.jar:/home/topera/.gradle/caches/modules-2/files-2.1/commons-codec/commons-codec/1.10/4b95f4897fa13f2cd904aee711aeafc0c5295cd8/commons-codec-1.10.jar:/home/topera/.gradle/caches/modules-2/files-2.1/xmlpull/xmlpull/1.1.3.1/2b8e230d2ab644e4ecaa94db7cdedbc40c805dfa/xmlpull-1.1.3.1.jar:/home/topera/.gradle/caches/modules-2/files-2.1/xpp3/xpp3_min/1.1.4c/19d4e90b43059058f6e056f794f0ea4030d60b86/xpp3_min-1.1.4c.jar:/home/topera/.gradle/caches/modules-2/files-2.1/net.minidev/json-smart/2.3/7396407491352ce4fa30de92efb158adb76b5b/json-smart-2.3.jar:/home/topera/.gradle/caches/modules-2/files-2.1/net.bytebuddy/byte-buddy/1.7.9/51218a01a882c04d0aba8c028179cce488bbcb58/byte-buddy-1.7.9.jar:/home/topera/.gradle/caches/modules-2/files-2.1/net.bytebuddy/byte-buddy-agent/1.7.9/a6c65f9da7f467ee1f02ff2841ffd3155aee2fc9/byte-buddy-agent-1.7.9.jar:/home/topera/.gradle/caches/modules-2/files-2.1/org.objenesis/objenesis/2.6/639033469776fd37c08358c6b92a4761feb2af4b/objenesis-2.6.jar:/home/topera/.gradle/caches/modules-2/files-2.1/com.vaadin.external.google/android-json/0.0.20131108.vaadin1/fa26d351fe62a6a17f5cda1287c1c6110dec413f/android-json-0.0.20131108.vaadin1.jar:/home/topera/.gradle/caches/modules-2/files-2.1/org.springframework/spring-jcl/5.0.7.RELEASE/699016ddf454c2c167d9f84ae5777eccadf54728/spring-jcl-5.0.7.RELEASE.jar:/home/topera/.gradle/caches/modules-2/files-2.1/com.fasterxml.jackson.core/jackson-annotations/2.9.0/7c10d545325e3a6e72e06381afe469fd40eb701/jackson-annotations-2.9.0.jar:/home/topera/.gradle/caches/modules-2/files-2.1/com.fasterxml.jackson.core/jackson-core/2.9.6/4e393793c37c77e042ccc7be5a914ae39251b365/jackson-core-2.9.6.jar:/home/topera/.gradle/caches/modules-2/files-2.1/ognl/ognl/3.1.12/a7fa0db32f882cd3bb41ec6c489853b3bfb6aebc/ognl-3.1.12.jar:/home/topera/.gradle/caches/modules-2/files-2.1/org.attoparser/attoparser/2.0.4.RELEASE/5cf02c4d8303a81f0c80971bb1dcd40d3ba96009/attoparser-2.0.4.RELEASE.jar:/home/topera/.gradle/caches/modules-2/files-2.1/org.unbescape/unbescape/1.1.5.RELEASE/46dc644ea9c234317d926ebac5bf5d8f114dc1ba/unbescape-1.1.5.RELEASE.jar:/home/topera/.gradle/caches/modules-2/files-2.1/net.minidev/accessors-smart/1.2/c592b500269bfde36096641b01238a8350f8aa31/accessors-smart-1.2.jar:/home/topera/.gradle/caches/modules-2/files-2.1/ch.qos.logback/logback-core/1.2.3/864344400c3d4d92dfeb0a305dc87d953677c03c/logback-core-1.2.3.jar:/home/topera/.gradle/caches/modules-2/files-2.1/org.apache.logging.log4j/log4j-api/2.10.0/fec5797a55b786184a537abd39c3fa1449d752d6/log4j-api-2.10.0.jar:/home/topera/.gradle/caches/modules-2/files-2.1/org.apache.tomcat/tomcat-annotations-api/8.5.31/f0758d8b5d1404cc25f98945bdd5959699658b4a/tomcat-annotations-api-8.5.31.jar:/home/topera/.gradle/caches/modules-2/files-2.1/org.javassist/javassist/3.20.0-GA/a9cbcdfb7e9f86fbc74d3afae65f2248bfbf82a0/javassist-3.20.0-GA.jar:/home/topera/.gradle/caches/modules-2/files-2.1/org.ow2.asm/asm/5.0.4/da08b8cce7bbf903602a25a3a163ae252435795/asm-5.0.4.jar, user.name=topera, java.vm.specification.version=1.8, sun.java.command=worker.org.gradle.process.internal.worker.GradleWorkerMain 'Gradle Test Executor 3', java.home=/home/topera/.sdkman/candidates/java/8.0.232-zulu/jre, sun.arch.data.model=64, user.language=en, java.specification.vendor=Oracle Corporation, awt.toolkit=sun.awt.X11.XToolkit, java.vm.info=mixed mode, java.version=1.8.0_232, java.ext.dirs=/home/topera/.sdkman/candidates/java/8.0.232-zulu/jre/lib/ext:/usr/java/packages/lib/ext, sun.boot.class.path=/home/topera/.sdkman/candidates/java/8.0.232-zulu/jre/lib/resources.jar:/home/topera/.sdkman/candidates/java/8.0.232-zulu/jre/lib/rt.jar:/home/topera/.sdkman/candidates/java/8.0.232-zulu/jre/lib/sunrsasign.jar:/home/topera/.sdkman/candidates/java/8.0.232-zulu/jre/lib/jsse.jar:/home/topera/.sdkman/candidates/java/8.0.232-zulu/jre/lib/jce.jar:/home/topera/.sdkman/candidates/java/8.0.232-zulu/jre/lib/charsets.jar:/home/topera/.sdkman/candidates/java/8.0.232-zulu/jre/lib/jfr.jar:/home/topera/.sdkman/candidates/java/8.0.232-zulu/jre/classes, java.vendor=Azul Systems, Inc., org.gradle.test.worker=3, file.separator=/, java.vendor.url.bug=http://www.azulsystems.com/support/, sun.io.unicode.encoding=UnicodeLittle, sun.cpu.endian=little, sun.cpu.isalist=}}, SystemEnvironmentPropertySource@1947851462 {name='systemEnvironment', properties={PATH=/usr/local/sbin:/usr/local/bin:/usr/sbin:/usr/bin:/sbin:/bin:/usr/games:/usr/local/games:/snap/bin, LC_MEASUREMENT=pt_BR.UTF-8, XAUTHORITY=/home/topera/.Xauthority, LC_TELEPHONE=pt_BR.UTF-8, XDG_DATA_DIRS=/usr/share/mate:/usr/local/share:/usr/share:/var/lib/snapd/desktop, GDMSESSION=mate, MANDATORY_PATH=/usr/share/gconf/mate.mandatory.path, LC_TIME=pt_BR.UTF-8, SNAP_COMMON=/var/snap/intellij-idea-ultimate/common, SNAP_INSTANCE_KEY=, SNAP_USER_COMMON=/home/topera/snap/intellij-idea-ultimate/common, DBUS_SESSION_BUS_ADDRESS=unix:path=/run/user/1000/bus, DEFAULTS_PATH=/usr/share/gconf/mate.default.path, SNAP_REVISION=193, XDG_CURRENT_DESKTOP=MATE, QT_AUTO_SCREEN_SCALE_FACTOR=0, SSH_AGENT_PID=2335, LC_PAPER=pt_BR.UTF-8, SESSION_MANAGER=local/g5:@/tmp/.ICE-unix/2252,unix/g5:/tmp/.ICE-unix/2252, LOGNAME=topera, PWD=/home/topera, LANGUAGE=en_US, SHELL=/bin/bash, QT_SCALE_FACTOR=1, LC_ADDRESS=pt_BR.UTF-8, GIO_LAUNCHED_DESKTOP_FILE=/home/topera/Desktop/IDEA.desktop, OLDPWD=/snap/intellij-idea-ultimate/193/bin, BAMF_DESKTOP_FILE_HINT=/var/lib/snapd/desktop/applications/intellij-idea-ultimate_intellij-idea-ultimate.desktop, GTK_MODULES=appmenu-gtk-module:gail:atk-bridge:canberra-gtk-module, MATE_DESKTOP_SESSION_ID=this-is-deprecated, XDG_SESSION_PATH=/org/freedesktop/DisplayManager/Session0, SNAP_ARCH=amd64, LC_CTYPE=pt_BR.UTF-8, XDG_SESSION_DESKTOP=mate, SNAP_LIBRARY_PATH=/var/lib/snapd/lib/gl:/var/lib/snapd/lib/gl32:/var/lib/snapd/void, SHLVL=0, LC_IDENTIFICATION=pt_BR.UTF-8, LC_MONETARY=pt_BR.UTF-8, SNAP_NAME=intellij-idea-ultimate, COMPIZ_CONFIG_PROFILE=mate, XDG_CONFIG_DIRS=/etc/xdg/xdg-mate:/etc/xdg, LANG=en_US.UTF-8, SNAP_INSTANCE_NAME=intellij-idea-ultimate, XDG_SEAT_PATH=/org/freedesktop/DisplayManager/Seat0, XDG_SESSION_ID=c2, XDG_SESSION_TYPE=x11, SNAP_USER_DATA=/home/topera/snap/intellij-idea-ultimate/193, DISPLAY=:0, SNAP_REEXEC=, INSIDE_CAJA_PYTHON=, SNAP_VERSION=2019.3.1, LC_NAME=pt_BR.UTF-8, SNAP_DATA=/var/snap/intellij-idea-ultimate/193, GDM_LANG=en_US, UBUNTU_MENUPROXY=1, XDG_GREETER_DATA_DIR=/var/lib/lightdm-data/topera, IRIUS_CORES=3, GPG_AGENT_INFO=/run/user/1000/gnupg/S.gpg-agent:0:1, DESKTOP_SESSION=mate, SNAP=/snap/intellij-idea-ultimate/193, USER=topera, GIO_LAUNCHED_DESKTOP_FILE_PID=5827, QT_ACCESSIBILITY=1, LC_NUMERIC=pt_BR.UTF-8, SSH_AUTH_SOCK=/run/user/1000/keyring/ssh, XDG_SEAT=seat0, GTK_OVERLAY_SCROLLING=0, QT_QPA_PLATFORMTHEME=gtk2, SNAP_CONTEXT=WxFJJLyL5w95VKmWLC5JBp2kYYdJMFYY2CMt9cvYVB3x, XDG_VTNR=7, XDG_RUNTIME_DIR=/run/user/1000/snap.intellij-idea-ultimate, SNAP_COOKIE=WxFJJLyL5w95VKmWLC5JBp2kYYdJMFYY2CMt9cvYVB3x, HOME=/home/topera}}]
16:15:43.993 [Test worker] DEBUG org.springframework.test.context.support.TestPropertySourceUtils - Adding inlined properties to environment: {spring.jmx.enabled=false, org.springframework.boot.test.context.SpringBootTestContextBootstrapper=true, server.port=0}
16:15:43.993 [Test worker] DEBUG org.springframework.core.env.StandardEnvironment - Adding PropertySource 'Inlined Test Properties' with highest search precedence

  .   ____          _            __ _ _
 /\\ / ___'_ __ _ _(_)_ __  __ _ \ \ \ \
( ( )\___ | '_ | '_| | '_ \/ _` | \ \ \ \
 \\/  ___)| |_)| | | | | || (_| |  ) ) ) )
  '  |____| .__|_| |_|_| |_\__, | / / / /
 =========|_|==============|___/=/_/_/_/
 :: Spring Boot ::        (v2.0.3.RELEASE)

[16:15:44 - INFO ] Starting CustomErrorControllerSpec on g5 with PID 11292 (started by topera in /git/fobit)
[16:15:44 - INFO ] No active profile set, falling back to default profiles: default
[16:15:44 - INFO ] Refreshing org.springframework.boot.web.servlet.context.AnnotationConfigServletWebServerApplicationContext@1825b6c6: startup date [Sun Jan 05 16:15:44 BRT 2020]; root of context hierarchy
[16:15:45 - INFO ] Tomcat initialized with port(s): 0 (http)
[16:15:45 - INFO ] Starting service [Tomcat]
[16:15:45 - INFO ] Starting Servlet Engine: Apache Tomcat/8.5.31
[16:15:45 - INFO ] The APR based Apache Tomcat Native library which allows optimal performance in production environments was not found on the java.library.path: [/usr/java/packages/lib/amd64:/usr/lib64:/lib64:/lib:/usr/lib]
[16:15:45 - INFO ] Initializing Spring embedded WebApplicationContext
[16:15:45 - INFO ] Root WebApplicationContext: initialization completed in 1270 ms
[16:15:45 - INFO ] Servlet dispatcherServlet mapped to [/]
[16:15:45 - INFO ] Mapping filter: 'characterEncodingFilter' to: [/*]
[16:15:45 - INFO ] Mapping filter: 'hiddenHttpMethodFilter' to: [/*]
[16:15:45 - INFO ] Mapping filter: 'httpPutFormContentFilter' to: [/*]
[16:15:45 - INFO ] Mapping filter: 'requestContextFilter' to: [/*]
[16:15:45 - INFO ] Mapped URL path [/**/favicon.ico] onto handler of type [class org.springframework.web.servlet.resource.ResourceHttpRequestHandler]
[16:15:46 - INFO ] Looking for @ControllerAdvice: org.springframework.boot.web.servlet.context.AnnotationConfigServletWebServerApplicationContext@1825b6c6: startup date [Sun Jan 05 16:15:44 BRT 2020]; root of context hierarchy
[16:15:46 - INFO ] Mapped "{[/api/battle/{level}/{cardCode}]}" onto public com.terahorse.fobit.model.Game com.terahorse.fobit.controller.api.BattleController.runBattle(java.lang.Integer,java.lang.String)
[16:15:46 - INFO ] Mapped "{[/api/cards]}" onto public java.util.List<com.terahorse.fobit.model.Card> com.terahorse.fobit.controller.api.CardController.getCards()
[16:15:46 - INFO ] Mapped "{[/api/version]}" onto public com.terahorse.fobit.model.Version com.terahorse.fobit.controller.api.VersionController.getVersion()
[16:15:46 - INFO ] Mapped "{[/error]}" onto public java.lang.String com.terahorse.fobit.controller.pages.CustomErrorController.getErrorPage()
[16:15:46 - INFO ] Mapped "{[/]}" onto public java.lang.String com.terahorse.fobit.controller.pages.MainController.getMainPage(org.springframework.ui.Model)
[16:15:46 - INFO ] Mapped URL path [/webjars/**] onto handler of type [class org.springframework.web.servlet.resource.ResourceHttpRequestHandler]
[16:15:46 - INFO ] Mapped URL path [/**] onto handler of type [class org.springframework.web.servlet.resource.ResourceHttpRequestHandler]
[16:15:46 - INFO ] Tomcat started on port(s): 45921 (http) with context path ''
[16:15:46 - INFO ] Started CustomErrorControllerSpec in 2.755 seconds (JVM running for 4.015)
[16:15:46 - INFO ] Initializing Spring FrameworkServlet 'dispatcherServlet'
[16:15:46 - INFO ] FrameworkServlet 'dispatcherServlet': initialization started
[16:15:46 - INFO ] FrameworkServlet 'dispatcherServlet': initialization completed in 16 ms
]]></system-out>
  <system-err><![CDATA[]]></system-err>
</testsuite>
