<?xml version="1.0" encoding="UTF-8"?>
<testsuite name="com.terahorse.fobit.controller.api.VersionControllerSpec" tests="1" skipped="0" failures="0" errors="0" timestamp="2020-01-05T19:15:47" hostname="g5" time="0.028">
  <properties/>
  <testcase name="$spock_feature_1_0" classname="com.terahorse.fobit.controller.api.VersionControllerSpec" time="0.028"/>
  <system-out><![CDATA[[16:15:47 - INFO ] Neither @ContextConfiguration nor @ContextHierarchy found for test class [com.terahorse.fobit.controller.api.VersionControllerSpec], using SpringBootContextLoader
[16:15:47 - INFO ] Could not detect default resource locations for test class [com.terahorse.fobit.controller.api.VersionControllerSpec]: no resource found for suffixes {-context.xml, Context.groovy}.
[16:15:47 - INFO ] Loaded default TestExecutionListener class names from location [META-INF/spring.factories]: [org.springframework.boot.test.autoconfigure.restdocs.RestDocsTestExecutionListener, org.springframework.boot.test.autoconfigure.web.client.MockRestServiceServerResetTestExecutionListener, org.springframework.boot.test.autoconfigure.web.servlet.MockMvcPrintOnlyOnFailureTestExecutionListener, org.springframework.boot.test.autoconfigure.web.servlet.WebDriverTestExecutionListener, org.springframework.boot.test.mock.mockito.MockitoTestExecutionListener, org.springframework.boot.test.mock.mockito.ResetMocksTestExecutionListener, org.springframework.test.context.web.ServletTestExecutionListener, org.springframework.test.context.support.DirtiesContextBeforeModesTestExecutionListener, org.springframework.test.context.support.DependencyInjectionTestExecutionListener, org.springframework.test.context.support.DirtiesContextTestExecutionListener, org.springframework.test.context.transaction.TransactionalTestExecutionListener, org.springframework.test.context.jdbc.SqlScriptsTestExecutionListener]
[16:15:47 - INFO ] Using TestExecutionListeners: [org.springframework.test.context.web.ServletTestExecutionListener@5e40f423, org.springframework.test.context.support.DirtiesContextBeforeModesTestExecutionListener@4c147b25, org.springframework.boot.test.mock.mockito.MockitoTestExecutionListener@15183688, org.springframework.boot.test.autoconfigure.SpringBootDependencyInjectionTestExecutionListener@63241e35, org.springframework.test.context.support.DirtiesContextTestExecutionListener@3a9c0f9e, org.springframework.boot.test.autoconfigure.restdocs.RestDocsTestExecutionListener@553e86bb, org.springframework.boot.test.autoconfigure.web.client.MockRestServiceServerResetTestExecutionListener@1c646e2, org.springframework.boot.test.autoconfigure.web.servlet.MockMvcPrintOnlyOnFailureTestExecutionListener@42d03559, org.springframework.boot.test.autoconfigure.web.servlet.WebDriverTestExecutionListener@186a2262, org.springframework.boot.test.mock.mockito.ResetMocksTestExecutionListener@3940748a]
]]></system-out>
  <system-err><![CDATA[]]></system-err>
</testsuite>
