<?xml version="1.0" encoding="UTF-8"?>
<testsuite name="com.terahorse.fobit.util.ResourceUtilSpec" tests="1" skipped="0" failures="0" errors="0" timestamp="2020-01-05T19:15:49" hostname="g5" time="0.006">
  <properties/>
  <testcase name="$spock_feature_1_0" classname="com.terahorse.fobit.util.ResourceUtilSpec" time="0.006"/>
  <system-out><![CDATA[[16:15:49 - INFO ] Neither @ContextConfiguration nor @ContextHierarchy found for test class [com.terahorse.fobit.util.ResourceUtilSpec], using SpringBootContextLoader
[16:15:49 - INFO ] Could not detect default resource locations for test class [com.terahorse.fobit.util.ResourceUtilSpec]: no resource found for suffixes {-context.xml, Context.groovy}.
[16:15:49 - INFO ] Loaded default TestExecutionListener class names from location [META-INF/spring.factories]: [org.springframework.boot.test.autoconfigure.restdocs.RestDocsTestExecutionListener, org.springframework.boot.test.autoconfigure.web.client.MockRestServiceServerResetTestExecutionListener, org.springframework.boot.test.autoconfigure.web.servlet.MockMvcPrintOnlyOnFailureTestExecutionListener, org.springframework.boot.test.autoconfigure.web.servlet.WebDriverTestExecutionListener, org.springframework.boot.test.mock.mockito.MockitoTestExecutionListener, org.springframework.boot.test.mock.mockito.ResetMocksTestExecutionListener, org.springframework.test.context.web.ServletTestExecutionListener, org.springframework.test.context.support.DirtiesContextBeforeModesTestExecutionListener, org.springframework.test.context.support.DependencyInjectionTestExecutionListener, org.springframework.test.context.support.DirtiesContextTestExecutionListener, org.springframework.test.context.transaction.TransactionalTestExecutionListener, org.springframework.test.context.jdbc.SqlScriptsTestExecutionListener]
[16:15:49 - INFO ] Using TestExecutionListeners: [org.springframework.test.context.web.ServletTestExecutionListener@3eaced42, org.springframework.test.context.support.DirtiesContextBeforeModesTestExecutionListener@2f62e895, org.springframework.boot.test.mock.mockito.MockitoTestExecutionListener@36a586f6, org.springframework.boot.test.autoconfigure.SpringBootDependencyInjectionTestExecutionListener@d0c6be6, org.springframework.test.context.support.DirtiesContextTestExecutionListener@541341f8, org.springframework.boot.test.autoconfigure.restdocs.RestDocsTestExecutionListener@6c0d2daf, org.springframework.boot.test.autoconfigure.web.client.MockRestServiceServerResetTestExecutionListener@760584ee, org.springframework.boot.test.autoconfigure.web.servlet.MockMvcPrintOnlyOnFailureTestExecutionListener@18b89293, org.springframework.boot.test.autoconfigure.web.servlet.WebDriverTestExecutionListener@566a0cfd, org.springframework.boot.test.mock.mockito.ResetMocksTestExecutionListener@530f23ca]
]]></system-out>
  <system-err><![CDATA[]]></system-err>
</testsuite>
