<?xml version="1.0" encoding="UTF-8"?>
<testsuite name="com.terahorse.fobit.service.CardServiceSpec" tests="1" skipped="0" failures="0" errors="0" timestamp="2020-01-05T19:15:49" hostname="g5" time="0.006">
  <properties/>
  <testcase name="get all cards" classname="com.terahorse.fobit.service.CardServiceSpec" time="0.006"/>
  <system-out><![CDATA[]]></system-out>
  <system-err><![CDATA[]]></system-err>
</testsuite>
