<?xml version="1.0" encoding="UTF-8"?>
<testsuite name="com.terahorse.fobit.model.GameSpec" tests="7" skipped="0" failures="0" errors="0" timestamp="2020-01-05T19:15:49" hostname="g5" time="0.005">
  <properties/>
  <testcase name="Test of getters/setters" classname="com.terahorse.fobit.model.GameSpec" time="0.001"/>
  <testcase name="Adding/removing cards" classname="com.terahorse.fobit.model.GameSpec" time="0.001"/>
  <testcase name="not finding player in empty game" classname="com.terahorse.fobit.model.GameSpec" time="0.0"/>
  <testcase name="finding human player" classname="com.terahorse.fobit.model.GameSpec" time="0.0"/>
  <testcase name="finding robot player" classname="com.terahorse.fobit.model.GameSpec" time="0.001"/>
  <testcase name="calculate game score of empty game" classname="com.terahorse.fobit.model.GameSpec" time="0.0"/>
  <testcase name="calculate game score" classname="com.terahorse.fobit.model.GameSpec" time="0.0"/>
  <system-out><![CDATA[]]></system-out>
  <system-err><![CDATA[]]></system-err>
</testsuite>
