<?xml version="1.0" encoding="UTF-8"?>
<testsuite name="com.terahorse.fobit.util.CardUtilSpec" tests="4" skipped="0" failures="0" errors="0" timestamp="2020-01-05T19:15:49" hostname="g5" time="0.014">
  <properties/>
  <testcase name="convertCardCodeToFlags" classname="com.terahorse.fobit.util.CardUtilSpec" time="0.005"/>
  <testcase name="convertCardCodeToCards: count" classname="com.terahorse.fobit.util.CardUtilSpec" time="0.003"/>
  <testcase name="convertCardCodeToCards: check ids" classname="com.terahorse.fobit.util.CardUtilSpec" time="0.004"/>
  <testcase name="create players card" classname="com.terahorse.fobit.util.CardUtilSpec" time="0.002"/>
  <system-out><![CDATA[]]></system-out>
  <system-err><![CDATA[]]></system-err>
</testsuite>
