<?xml version="1.0" encoding="UTF-8"?>
<testsuite name="com.terahorse.fobit.service.VersionServiceSpec" tests="1" skipped="0" failures="0" errors="0" timestamp="2020-01-05T19:15:49" hostname="g5" time="0.003">
  <properties/>
  <testcase name="$spock_feature_1_0" classname="com.terahorse.fobit.service.VersionServiceSpec" time="0.003"/>
  <system-out><![CDATA[[16:15:49 - INFO ] Neither @ContextConfiguration nor @ContextHierarchy found for test class [com.terahorse.fobit.service.VersionServiceSpec], using SpringBootContextLoader
[16:15:49 - INFO ] Could not detect default resource locations for test class [com.terahorse.fobit.service.VersionServiceSpec]: no resource found for suffixes {-context.xml, Context.groovy}.
[16:15:49 - INFO ] Loaded default TestExecutionListener class names from location [META-INF/spring.factories]: [org.springframework.boot.test.autoconfigure.restdocs.RestDocsTestExecutionListener, org.springframework.boot.test.autoconfigure.web.client.MockRestServiceServerResetTestExecutionListener, org.springframework.boot.test.autoconfigure.web.servlet.MockMvcPrintOnlyOnFailureTestExecutionListener, org.springframework.boot.test.autoconfigure.web.servlet.WebDriverTestExecutionListener, org.springframework.boot.test.mock.mockito.MockitoTestExecutionListener, org.springframework.boot.test.mock.mockito.ResetMocksTestExecutionListener, org.springframework.test.context.web.ServletTestExecutionListener, org.springframework.test.context.support.DirtiesContextBeforeModesTestExecutionListener, org.springframework.test.context.support.DependencyInjectionTestExecutionListener, org.springframework.test.context.support.DirtiesContextTestExecutionListener, org.springframework.test.context.transaction.TransactionalTestExecutionListener, org.springframework.test.context.jdbc.SqlScriptsTestExecutionListener]
[16:15:49 - INFO ] Using TestExecutionListeners: [org.springframework.test.context.web.ServletTestExecutionListener@179e0667, org.springframework.test.context.support.DirtiesContextBeforeModesTestExecutionListener@69bc44e0, org.springframework.boot.test.mock.mockito.MockitoTestExecutionListener@f923ec4, org.springframework.boot.test.autoconfigure.SpringBootDependencyInjectionTestExecutionListener@4215fbf6, org.springframework.test.context.support.DirtiesContextTestExecutionListener@25df70ed, org.springframework.boot.test.autoconfigure.restdocs.RestDocsTestExecutionListener@2e4fbbf2, org.springframework.boot.test.autoconfigure.web.client.MockRestServiceServerResetTestExecutionListener@30b5d4e1, org.springframework.boot.test.autoconfigure.web.servlet.MockMvcPrintOnlyOnFailureTestExecutionListener@5d12534a, org.springframework.boot.test.autoconfigure.web.servlet.WebDriverTestExecutionListener@314181d, org.springframework.boot.test.mock.mockito.ResetMocksTestExecutionListener@5057a3a6]
]]></system-out>
  <system-err><![CDATA[]]></system-err>
</testsuite>
