<?xml version="1.0" encoding="UTF-8"?>
<testsuite name="com.terahorse.fobit.model.CardSpec" tests="3" skipped="0" failures="0" errors="0" timestamp="2020-01-05T19:15:49" hostname="g5" time="0.001">
  <properties/>
  <testcase name="Test of getters/setters" classname="com.terahorse.fobit.model.CardSpec" time="0.0"/>
  <testcase name="Test of getters/setters 2" classname="com.terahorse.fobit.model.CardSpec" time="0.001"/>
  <testcase name="Test of constructor" classname="com.terahorse.fobit.model.CardSpec" time="0.0"/>
  <system-out><![CDATA[]]></system-out>
  <system-err><![CDATA[]]></system-err>
</testsuite>
